Ben
Nicoll
Janvi
Kai
Ethan
Matvey
TA_Brady
TA_Thomas
Thomas
TA_Travis
TA_Arup
TA_Tyler
TA_Brady
w
s
i
b
j
p
l
c
u
q
r
e
x
y
k
o
f
h
v
a
n
z
d
m
t
g
h
s
x
t
q
w
l
c
g
r
k
m
y
j
e
o
v
a
n
i
d
b
z
p
f
u
TAn
TAw
TAm
TAb
TAi
TAx
TAe
TAp
TAt
TAr
TAq
TAv
TAk
TAo
TAd
TAc
TAj
TAa
TAg
TAz
TAu
TAs
TAy
TAf
TAh
TAl
tATA
Brady
Tanay
tanner
Tarvis
Taylor
Bad-Brady
TAGlen
42712680982626917488
46838755313505915402
43106827455126334246
48344555783851639706
87773265272561271882
88985100399821997245
31358730360329482860
55760880862978609767
14528411979831585214
93380068074193328688
95232102849031107394
96198181043152055618
6044011844594141624
27295861724378397839
96316851848286782909
28313597576504840655
85589366011312459887
38421093018554839643
80125148861802239884
62960347750586468756
93834434260181083662
81866661604752672574
92491782713576746453
25739272474041543998
28894537112993099193
37769618509978290559
92511882028475461157
675425302471891444
6792933593290880719
99569397249780363036
88471275027081448468
80193628348063030179
16548694517114589510
76934492699747723390
11022416757177616763
37063547689054828772
21474424034427279213
56694100087941817029
54210543835470416092
11241503705348872279
38088947591877938123
119437150629964152
72824578842795685339
21787445406386183451
32703132942115149140
7839164243127124147
91065125284776666705
66052122603999735253
75460678756356513094
44782360326872724979
77106111069905518992
96291974817843737413
88889832768937664267
38445898723081398310
78231263059727321825
47139068394336655556
96933165815134243549
59408627315096015125
6040914732436371148
88496582395264970963
48985984450350409788
90398821100093964085
18589885188334374456
32886821343653173223
36746905951788556254
18895504980639782343
38119505580026753577
91534497832145955462
64796465119581382382
49243189900925983749
36361690657415557671
89094628676291844126
36015281368792340256
95429484199664010807
61708459243265728751
8793786674698912746
36626021209466911798
50593866555759824151
5305002386162982092
38452657689885082075
9564737821485576795
61840004295026998291
44953328414257223019
31875930346668755076
42348070815003726868
53346887738579299068
76100488949078511734
49260270201296093250
96921801368715582805
35159396382161340790
97509503075119279334
3433766907715732201
90553109194300303628
47731727423861982287
84836072259700939726
9706391897262150474
69507072199772873314
61791521257252228865
6140374775755296067
70054265857783567272
95315184336531136141
81563146361618695217
47968048320621451059
23622253734681087130
64867220804472062151
5473462625474192766
42511132399020546990
18658575977111791900
70032201833385658858
50562427862090712291
42755636627276006671
72755676577769423961
28389662843831878760
59377607212937208226
32207848597725399261
68079411027772939462
76946125715861180406
2728414164278995126
22386397555654008261
30599787468749547653
91377664164318546905
74227951169474152926
68692712375805749797
83360554493233772842
9712267365500219066
2521383138356378639
70491581160487156871
47047188865471966699
10444426862725703347
17425689706043550471
58598927487420188489
44181628308101735771
91658829367988921678
89903434050517224641
95516678135971645038
53871256403355174595
47256641877195673669
76652612341813642035
29359004856538255487
8018812838921395103
50238858459919462725
39867927361715205472
39090092266560969123
88541481575604323641
14695823721519274746
76556162201831999540
91549082663168769935
49664282144214908726
93469304690596131990
34411218669946699335
87493555970042974363
96927792743872476075
30455199626308103099
65666609472908395885
61136760272165939494
87297094171153295769
75528228850150281281
37188476803198923164
13863231784601386351
2000712541640247922
58235579248749797350
90311903060249516560
18490720596350158478
92958990381931897135
37720265244061355437
10524723458720010910
76617338870144610675
39915432426735866176
30619425386511001800
40354705163333904551
89751300532020675847
24893937008932024725
90992216860780466898
21883796185475131619
66600750858851504919
30375377010449053496
45062546877842858121
45022015861386641989
98597252294489809028
57979453631427107569
68236995734666917903
53840699496045509472
49851056476745793127
1348911097669145570
16151687108307742184
3472245934690866452
3489492610176600862
61061182568131803882
37656720572300071216
92635744930390267315
30366884208504995959
5228785483167855235
95721763828597906783
42303151440553383489
68415365832306069398
85991201036244285931
72709510638301551239
3129005748504133051
18339850374916249878
61459346678655054502
41599153435711086866
81403122853086684553
39302497370605497322
38278830408766678705
39895268977739842004
75592230476170986767
20620388590176035628
55571351771607239037
17369580016664688948
59657668570408473150
95073088429336292635
49283369094974042261
61004056080109326123
6210843879102689389
27877145809783092046
31405950700697918188
35935330303877171432
66835810390690284721
20038377734636322903
63552190645942244067
51587503456919450072
63641826624542629583
73503010481847882743
61229348494461484628
40763336391775443216
28577581791591716400
41236498666004144988
8834849259334599648
55184071704496954502
31385091538083912570
8038752610782724500
83333080899652309626
50309029433863721416
74261306247855146029
1712653726190433051
19137079493921593825
25008321945283125985
42780089661856121936
24604434192035632321
4808119080065811880
64862978681794682884
60048841298716712637
9494880469234986575
87649770638098214102
27997450753410339676
71861424036751323683
19209576897946832739
75040790914443766156
62881178539307415459
48948364644893743253
37157824906924171951
3130182622268694511
57700017924808387853
60161665500167013393
20821510387278663395
39441896495078986282
45093725326141611356
20570249639966611599
4199413391758300066
39178482527346003434
50913706731866540941
52855728753900050918
63929232173279001885
76620041491254621678
51965824491413279687
65204965776015606763
64342519176107663218
65052063279256082503
47812186471561641832
31839393282916914042
62925180404286247862
81174868229237168810
83575432004879910011
46326170843478098328
94812506942992704984
90302728483269247917
90239411797112528538
61380965246048042475
1106813400607645166
28489063469755141107
70638628798001837016
73874206956652721176
94217678435515333817
13431191655050806566
65859168165451593549
43654399421872998485
63001627237453196538
23909945118558154240
85839233899703754736
67651651450469358076
1744003844065945226
85106376818985659943
11328110257515787535
68157400063604260953
96648230957825163029
90275005326750768206
82745559910409504736
13066516916595560903
19781383630000924498
36640025055871056138
42665050018061030706
62338793926711335297
70516971642495654935
89428354774932615736
37604983375581427173
77134313792347060082
16528740305884599725
46687991003439021988
85508202714551671336
40032900350105337174
47323863048220790932
45933532971773152720
42009118208614639009
85769344383320656365
79606960998130571695
27739636717958764430
72916100328879978831
85189088677896540214
87960075462293270393
80068997495649174218
59972563527216271346
16092042164709177325
56793989428625877193
66837217314854374647
75026666645393844145
38308006758810863179
13663850083315116790
6227786981656646189
5070697450350259150
78357424551248977803
2456894586719391171
38066771197707646655
10150329502623923435
53864564731578724394
29998380471849764956
90964588734596876590
64129084852875554698
25972122040804750915
29019632627398341289
12370456731358299037
12939683103309224039
16987318852176380259
39768107879490464242
86182932202666068527
77819479873173154755
46361403926308197679
647790366430222052
41488119900597180907
52779086286326474163
27560254597975606184
82898208156257099372
67390243040399193020
48138147033419096778
31178246395278166095
19480237592755206996
74930755407423290191
83101301200710961265
10544889780166081823
20292065054279795666
29609344829629393009
3781063575818730337
74072543081699465721
53851792892338158746
89152955165586652620
20421155916520190750
61062079480493141396
15327507807734069253
52269280098272766860
54298919475903718801
20198305851274228935
78692922842825169624
56655007111693122912
7406049095447435568
53563652355663143709
76724076375254555876
19658086871438781937
38649575074174481044
33294259775850011521
44256894325593149159
50703900010863123487
47346695085830618916
91064174311577926999
37588910324262374929
67668833905624223621
86619038685730107427
73703622383943498928
46917439127282450096
18063497739862108488
80661529689499964023
48614217610303427132
84572455762000026596
7705043884995329983
88289818307141090692
43460401313851426686
84073390524029975337
19592439721094428627
68117955319237415712
99742674294954608932
65365745338562935163
30076462467315421141
15034834823421581645
80665631118034193843
49277924959254014602
60579228436001345430
55591321848166189659
85765430751077261515
39306055083598452404
46271503694347893631
59006031320449893324
69444651368159545832
38583249100071145418
27851873930128962520
30538378461917362368
4590148066112406766
26962699897621071360
55663851565204369947
20743315981344054770
70212616427994629817
36061444616411756434
14898822950522276929
61719320210662942302
50053539057437038448
4322638119301630397
64957001337206104435
82438330716708248
18170870897615267785
92491555333907034625
27469533624979788695
29015691957816910091
50557682187345910637
69473916162246561570
21418096996575537199
36535116744287707562
31710556670341961969
57870254371927930490
33737784603609238005
77392864809956143601
28969448484673972943
74865187493681905569
94003770898091059147
92711609165355106134
20444307231408627735
15735664658553364210
57503543441851858513
73557942418197486523
82721541211658821806
94511770562987764709
46189761577107603114
13572698331888182705
91642658406618268061
78772966440550747650
94774713094407436673
29762741244139261762
31276198628613341825
85724183626149425921
19568688440442217044
51872959819442609576
85421157064258956219
64265427031420460160
36065790659631213179
46259166686673445925
15799395992171919069
18669142196938084141
7531026538735056307
9565802086238323534
90810398151039262565
55148909882265569939
72243865752964131064
48398321169265863770
25256542715792784275
57312297698958864715
84660122064978983983
82740066870093427331
94284709984481151355
1277688050241537437
8896243530708902685
22118081667899511620
63575459684474877359
61370780320400831682
35684999511795039614
32564660544118747777
37305248448610759462
59798302758921963077
19014739232315953369
44455520460342132216
5672935318312143056
68336849201965461420
86324465288377700545
16179545966509822312
1581578065995139053
55957909876715206074
38031301135077794638
16684897083792706145
34635222075937176470
58524118163297436902
67503253713562476435
3025101136198198577
15323484615760109866
3533283324423747590
80282753073026982853
50258825668339021514
36965038636232620870
46926305662253506717
2156999798649937220
36234068193703102718
66342692403431809615
19185065762739086371
31048168641252747221
80112297718750582470
92201905764848943301
75399666078142930283
89916534319539981798
15693963503798996230
35411133619330795032
96136136708154747473
413228776129685943
91463218101775338714
75688815133735735738
53315401947105376856
75670346423931647793
17464253937602547847
35434760801355731378
70278947387955044511
27134756928770786428
39570723445897787082
35233407642239390042
89612213134238608344
42840988436123866448
52480167603478606039
36893159796948519981
72693060608849453455
94402238756691404613
6886147331802987027
73212226868101268836
86938694786117682196
17739336543065589463
69041055423385882539
60045035001750609820
75001175082713503247
50409365005845587627
1492870782830153884
21071469680334224101
28055788705334315564
93560805037528405541
55741808642182474658
26035329565213307668
97632278172704532834
94492307188017197951
27721427579526234604
35410495361839127546
27724281536637894188
15453617266600177574
43977271270608356617
19196658822451540060
26113935980354672245
22380538982520252762
60514272734130286011
16108461941455729984
85080724628737481542
49281397597405362638
84301187488377259115
20731400404850131260
49788441118939778091
56013118812088360759
10521019792003716531
37859945628902300146
19067250884888966183
8652491697999594740
88067734972668605749
21016561550252758651
39954369250462586310
34591761209525503387
81620239435599179484
33186305080776971675
94696227303185840639
76903994405905151183
45139769026566436278
15496226141975363802
9103726381109460438
64564851972408277329
74721142168869358566
6401372441002475596
55528159864582976443
21674081942894966349
10492712767114268294
11166482774867281583
16868243624563042564
33283805698770870776
93881913248530913297
14201596655603441183
10857073472721622989
77649502713714954003
78129254026194452807
37774132583351498704
15453871657494735637
91772429834522181291
94139654502304656330
31028860542833023747
89966498285273946834
29760153039285350972
87126479164431962335
78797996813158653372
84938782702480580633
63965205970889271246
98423771747793201472
18597308846133275291
37245696245171277947
29279553526520587381
44114304341482511801
29358338648560372518
7193877621556551470
20687569778796799675
81085769851618064653
63241448021438631985
30008499165054703519
86831021784140742625
25819831838455120501
42255800691490185738
96382596328277890987
79518859018487054144
35140015231872750766
14494008384607788588
36050751333110487049
62817176312760482186
60205126970342321921
32677343489265849498
20580658216892016699
91035720487590473407
77098888110685013838
49782834221296181176
94700150206137674717
58617999402044917165
93333691315297958451
69719608724660512177
35664081944819184829
62683596025776832856
15803271675801878875
86072671387514270353
30192820749927361543
77700060956604475177
15490422784862113801
67798312938068303789
67481856757942037676
6688645030852557048
60387208150644924696
47230980149931372533
54466661100108362936
91378112601311254997
30991463985940203187
64032844440119817705
25779474441412339480
12988661414828676246
89316916235706569219
51778714013412601575
41785778891268543747
67854435963191885079
8330950204937868537
45701357661890898859
86352971212872691228
2670984112212771665
13512491725126829276
58353134945984444249
44286413601009562047
57157512367376895887
62318366511936949131
44696503450712720799
10732251821509777649
57459823366500861535
39431103748552467491
22606771894029882178
89042624184476828398
60788163939047538122
73258908533126745458
48148718080501038688
97518812607842530486
61644553646233061990
94089034317550511637
24091366885091546817
69848254473141921824
63305567567538129380
70761240927172999224
94899466527829975242
52437444336105612487
35018634491743092260
78788283426771576810
74851099079740767273
71295977512332144326
10856490740756014968
72159948577917042960
97748352186071486509
7178716957824806124
86193989526583776803
71484774670725011971
37101985461804717590
98052812347452560000
53884912588565398111
48860723420327991167
28040845890429608687
44767286296736771334
7206525715818813840
16458397777207335868
77783313029341563098
34503569992202595635
59721067143640123215
74276398391786546111
95168522382549853270
2487678577302809380
63904482231434428448
84105306313411491355
21840583019889791706
47268933943761760012
87908846521618758378
61832327989292569966
48051269798528692151
2095624584187054411
9240842341925466398
59149110764466386575
65627741524283010432
37980800059232548927
112855994334124020
78125493923861919043
82453961246551781963
42349688563251425360
64389570645182471455
63391899284573492655
87301284322837213843
52910757896659926992
66540683462551296248
7117096546460609225
84622905528559012203
92473725039202011342
84087236705213930868
25413063321500580244
26574219110014882356
75940582652481681486
85950098428382459596
91177819888157594819
12513448946195986963
90874761178609099650
96189307985973496569
20278584372744093855
70413871488118006379
40710814733486280088
71118520123750356516
4471549758924196478
93963678408654426758
89922412791151187028
52372218482679831866
16113881056556862475
30575647540885954741
560728476250896316
25059569804164871815
66457203989793669172
1053854253667817677
7663212710643143324
11867871821091745865
59177889806159817508
94751945077234482854
5753053775383791360
78197164213615005188
17315845449474461938
73163897529894681633
5168641621982045506
6712633755605620647
43328741928788223070
8754401093329603171
59964236462595825065
56543644996685868468
85528017007132948266
19842650574175469026
35987616993987953103
57992456834875945785
12780115323359780724
4207191877776564154
12689215892264138812
91045707037400596198
19060017548693921437
72390976475392677338
11350878384982104406
52046096615844217880
52464321104737352146
78343340551621664788
11584007434946506587
51635259494743393853
1054863014378535820
47737148753950463789
53330723845551479051
88571140618735721643
17342154394604119528
13999877684479432252
64476276729506394513
12812343657043858103
10639772137203740963
68946789753745104391
47553696612854503699
24147293178814633382
56815303009139839515
51258480831786485162
92718838926952103001
29724490136455819886
53322658539000103228
6403613791509505884
97072152973363396250
19916553328824773342
64034741929521127321
93072320615707978066
76961800873644918377
66729028566975104915
2523334678729807839
2575648420273927
52301951408896362343
78469730724739345044
91964784342327797573
87524306115564581524
35030647772943495428
24767847370727609700
4089020146042300366
87271869169721030298
78525264600875455401
78284224889886347636
16606738076738633688
69787024416825471771
29302563148496283456
12530813913986389291
31294915028715314303
41749521746617021184
88286325933314232078
25975193972986039714
55475503709554806084
26621887591549076420
46823656317606581831
69241723494204335650
55891358369582836826
13660472905808897781
70448274167270218479
12761045239486735645
96076061991334477733
91456743955598713901
83076597127246103133
285536846253430878
97783614124926968395
38965022085125099331
31758877363078700557
65575349368946019664
91375062392663181836
40596221055964654530
13652270232835485899
89000686464176985307
34706607506383355773
21983488506626197915
88692223716015630956
65422842417449793550
33171087483942019216
39619302313111470255
11474703953649483602
56183270199738554901
66783808720049814753
34984602122367955762
33955289604025157872
17546302792476094400
93919672235779420989
73275158599477940293
1246465833968098316
34045098209027445667
59772811800024118111
137205898942630777
17095239101292533914
75053866325809871086
53458193244816220276
30525386772787587094
3918889762693804141
68171690095154038846
43130681348722916262
76018107356210612185
71378621216295569527
48574108102452609017
63061769677024707274
88578679432212088803
79818562605800076319
74151463911415445007
54055627237328298660
99487800708172168464
77332533275968926374
32577410983044429157
78457608550029397397
56733365771103254304
28064663908395424164
67581464052590381782
58094368046015651598
36768116715598897133
38204653491290217746
81152367744798168975
93482588771237412580
1447511862888756446
50910048575895117928
15299450403957101955
83031378804337915475
92887513573130858814
52056491659112551455
47189188296787343471
82699186670745379976
30114587515197455570
95717612682909994952
17265274292866751855
28865895060435136331
2524345602140223799
53272241740707564457
32567038825986745986
83691539939367624761
78246064193636488138
48222919355013500139
35790219340495564205
89758201785532272789
65340692955909986796
39629299521696395752
6848819027857579913
3099214134320654799
82966411681990872458
74789769153856632004
34204456846384044546
35015941564279364748
25457292086657417252
37295554502125816969
72686098998685191126
8464859343241634211
97122211311161969689
81714134410646142701
67741961714560667938
96577173627426687587
90868997249868708222
80603131932095580887
2897544620651538656
25498632629003687786
17286350549100003114
87233140374887534374
88134681295420907846
83834023491967314252
55087994420138759990
26774113950893223328
58183174744603182908
17379429639750998787
47416618247847076195
17800817157371836523
40499620591259344979
84566615938538404892
61509635113822797411
93479396076631524699
38547335088119130226
17930681970187135577
84058480873244501156
17670286635474495417
78703205960148876584
19681562286345101606
16205384722720392659
53778935917000423694
98085432801257264173
47725210579143512246
43497047750205185980
2684105833789318742
56762290198202302501
55298040906554203707
86255222481209849712
68955970625318890243
61257362153015385912
30408733029357148918
8802344703120491961
28759282043396468854
12595913932376800864
81885056829728812055
2988684746560264292
51450485394567821909
82695857842222849310
12213784272508889443
10179066002621704253
82182350926301093114
95017983758722498870
93939219537221663011
60817248393309699979
27009787428452786031
82656749979238115529
46462944366256619220
62995437766689695029
68171315854907560768
5226476301982668165
6632564613814847830
8290373692408353838
62812756505687627436
83795131691232676490
41100815890215396634
91079681250070432317
76287505260586382460
34512487556382521112
11618006797259912801
97171609597295456456
65459998675279523978
57404195748532045305
6310463088573339509
88455925346979586030
81343877909084215318
23374751383023785776
134226346402323347
743064541937966385
491485863057549045
284115644886163450
13163148855882044
608462508480129224
142251816382556717
6931833035895377
894475897302481959
285182557763067673
539533996953954829
729797629861363411
726202298527345069
677573594597254157
465674325274026886
936330552670129774
438747307984166905
433480147998595473
297668845840760533
810498033331413182
410851794272368811
917563382767149632
312033916011449810
18873068566699664
49668895028634247
544499234436254740
887737606989702676
667703995002693280
209000261082778919
837400378885937431
776241011385705631
233292885467558578
318888639739376489
449300765788747607
175169484886039924
330056384667475877
683594242871467742
34247000281670208
75573900232447900
843326155771978874
266566283644114532
818010338026200412
351798240841798913
870786826301226015
591398130226388086
340490626215910446
209688537605280955
387783754673438100
480045519537114096
352400778897885984
87781381415276117
306281424536445422
48339708427444799
493859715487944815
572824057799711807
334858396592776622
353291482405602404
777270228331614008
483555150532270560
155397199992698294
426607273302085537
791463176026363704
284814526077590577
472006394646572453
148200307039357988
814506101536211028
803408343432227411
357834034825918945
166585067871138071
12614738835415545
300147912569723268
874572060826580224
676945551117915596
172178939907412522
673412722392517222
712914722807295932
948962897553736905
545376597494951714
510005646272891059
171174934467727336
798096280695391530
588652361242612750
519372509639056193
824327846390693766
389264321383140568
891948754264126280
120689399337123553
704723442482101174
912004702313876881
60768882251864409
688996059369429650
441017625878690401
685714812172400989
586244281335294021
58921873919287029
647734442831522620
425087763269185476
41552796826458834
316680235236152647
826472604443986259
527390540775673232
981688714271871444
816339893908185608
706099251554483756
167404060689337327
140644809763152643
312166056961470262
815453829729143818
347622715743055589
441331916789535811
572410586851709869
141970512003599517
270176011389871185
634410123006355503
65815409654944175
738008763497606593
243883144147125935
520601472469995706
744619293015462547
399146085863416972
505536112801500835
357833784573718814
289441155314661833
37251701297920141
527492713130794951
881277160380626194
224741190452318619
801746298657376799
391241940492304841
774581246607986805
129788902156452818
503699902571513873
763107262904997104
830047410853049492
700926138138319296
224806268723090690
613272940725595352
821585800959211464
325826338150025559
861628774629442006
580667590752692296
620308445711748923
416104653419285673
564258123366296323
689704729403319733
477631636963594894
876644079918011942
345494464362236719
844939711314371683
331353397716643369
83665567755260911
322224288919399646
529366692093080183
969603845694908413
515304817998024475
757767197450910001
554991981497877975
423067873083089062
853988950642086346
658635093584259820
129226840725168616
113451315795601020
37372186840375456
544163583808141000
952916893257297703
449941430909962177
483427661446986689
446664777958893561
677652560092437186
404292674198700904
14703798858175077
587967780866705286
682793508398335925
756717180290072516
876830387939249264
870979091294083305
733506585509449417
686840772408170910
259293049676052236
790449470242129156
601185320811007171
860849242522850547
528093087243384571
925328441121377102
608805427703755539
849062549564579282
679144853702069012
677680913750043340
445489136390566713
969254441129581188
267569071425360765
498540927691949159
922140410848271095
373716860460158525
124136301350437177
437901922965569927
105660946348663242
816687840583860058
41673907217510937
42847095800350178
808357935112923744
821725377555424450
779708131783804735
157866918189534433
709146316630738873
587107650411964969
350531810882259041
25923396855652661
897229947375244149
435303220375439989
171431654588880346
389791627716850418
117411297067777640
948284275857397480
878987645320788886
110100196500777490
254895125662173739
126424488537063537
454703642763677396
108557040086877799
60918846061891884
157095361701675178
278797243784695822
722676106837137504
965816849664295826
876533367092864451
448359748932246530
489496192250636200
250195058316902216
636326091828902502
165626271080619728
756945030720661598
21295797446129238
208669650255686653
268936537157090759
603726990921834306
164389222373567358
770489478890180771
337811012925258856
828255471729358051
75515069187620227
798407561221323720
589090900751927409
81267390582909067
214058359946814127
110600159180967848
859103884153804421
867122325923892772
915044704372640745
215877562555040033
613668308467551611
886683831859196481
576926685613739082
691773588812048047
950603427180769187
544584367613410994
276763548887781132
450959786896850693
342468172618828825
532727396454671075
838513155708009819
218061550130253602
615997149348173853
175391095934835957
815627770807613784
781486876907617905
755312872329862114
776619241490127456
765894240928861472
446462724836293931
937297220418434717
572695455655910414
547569303872505264
953971472120151035
25429913088212831
194991713504213051
889854514853623026
926899387958114004
270365020475385728
295904715790586834
875976455700448766
674778075641792002
261153104949955959
212657438615029723
140124367234099550
305479105277789091
323903303982164871
691720229449994910
412726502059520047
821051800119752722
865602832164315204
107019799747036071
72887262914283077
902541599687859808
663571295136750527
230923893233331654
749397069688589125
199241153287841268
980108604622399518
985032887316909939
738567818640489929
14845014051176545
984583120842775592
230352179881023639
750696369625299867
410866179025136798
327397783212743114
646878735571589886
578771417544945785
326223719575668616
448334096537188464
73006952107683292
616841098004746520
736251243559271560
724668965128362488
541877102342902855
118745598607414358
189894842676554222
84661817486849907
280080163466106626
653282867268042999
540689379572662361
937300361572513871
3328181926905818
105977139909755315
374173829645530364
519266363996219501
117631028463841697
426892293996777960
287526260321093735
717485043210681136
911498651023965404
45216797401552942
688367248128075694
863748575059136564
643518480926963600
688792417876690493
318976074989203133
51703971603206518
793625205054610712
922039947096592993
466447484820170143
396311703890151421
529297148897891865
94497818104555330
957984877736013720
438076711171819590
781346420784222864
995620386524352191
157326474587988981
111639284686135477
901879425432569256
252588537583114741
914507400186147888
293812429207231373
986462587294496204
738122617790101094
33412067884535439
432137724793997414
964503761609920770
84665421424681960
170162414733680415
808636732536228093
292553901168207407
522906869062205224
456151649905990281
520917620482794253
566195494271233165
895565574180854360
593950350640636554
381354019366558084
879162820842773791
572375656570394540
193069350410626348
915340651655397467
440298458670278654
792426579664477655
55919421973721223
5417801274118573
240400371245564982
56073628293176264
826584352486529961
316551062164105408
732640206489348997
689762208381856773
956987047100402469
994015119537088419
675661231554624842
637676566093545911
833992834882929839
177748322031941999
475990344374180956
983599087537017588
145450913789409435
626915906693745792
406551500795005966
281744173549401788
924025112083052678
613542318459730713
288640108022487090
180568665190378532
101728641670982026
423454775868762998
198135037260522699
543212003808993435
612547934389049561
337488095015782482
540054334976283156
312426333229176383
885043310842264036
216354197257254209
575481249486679053
165159761049369432
659741039832518338
944739926480208319
561703200154321637
34432374390936927
77726513421280569
193227825592382879
360363599772544386
669389101082250796
941759227364732530
120960747538058910
268864464255018012
314325920026841026
560815601068300521
303860398072545172
63269511672480622
648418578678703347
626754547658848035
341745182446316475
719510722843267008
716836778121710512
67693004772773097
334009666059321425
602330081535460531
349362667615616925
882129500974871195
171989733559912010
520494141172703164
530840909022300189
551821543792077411
146285757308373090
454000371259461957
684265115158676730
722181320940067985
921726064414933829
161115033092748951
808263540129283075
636202533202221794
843337871781222143
617414898470406530
574071006265912005
420479703873918412
736577241378711431
559921040264764526
521826009771155257
365035186468633407
220271152378274800
95923468236183610
34050923521062014
728905444632521390
201771697605912752
609638475062599329
41726146740164855
303239228522845959
212647108513519065
888893943164059017
759967417342480440
909667570420936714
357469022142933258
67591613445766620
423715158490669808
56796616807605703
175072203139093386
964113532233902428
326238506864992796
182305732430129814
807151537680307781
607856953359971214
857801758917904133
80027600896020575
733643126918120441
938007290601146652
TA930154404823024497
TA539115406796411982
TA140631261850758127
TA422659855114084731
TA331841366716755625
TA562342479072730472
TA730392021717299867
TA119821153687589438
TA524355637353664312
TA722684853279782424
TA920881040068587663
TA641976912352724408
TA12778850136917417
TA948743852321176496
TA434767481346112992
TA691942719933286578
TA549005431590320020
TA508502375380552332
TA546512067687364185
TA688184853953035996
TA28404526694571199
TA970151811937354545
TA694465175582775001
TA609892211253778683
TA717755116469727355
TA72065371445211243
TA742616544777356928
TA673413231654187665
TA234769874945938794
TA887422637258040734
TA491154653866473082
TA419462126309412962
TA431024132327598367
TA315236315263787091
TA303856652066834844
TA72919220190766109
TA948023019453201393
TA450810601855562630
TA381488702332394903
TA748469053737077910
TA995047521555665269
TA782278822437280789
TA370683874641700936
TA694906754472948726
TA902735621729622671
TA362733178929704203
TA16037619054621505
TA797813357148207263
TA921718599357783964
TA526893846476680954
TA123725363655112415
TA720088852337952745
TA911668017160068592
TA908868970087344997
TA844278818072611367
TA472254654465417066
TA381406602487838679
TA104733148030834837
TA463015596369208678
TA845925226932628503
TA539724618151895849
TA9053696508002169
TA896903798065887622
TA682509334807698651
TA376065117802749739
TA924774814872017530
TA266333240639360836
TA428918818045970731
TA413374223798275456
TA199240085673505779
TA320095208460754849
TA529847023275289431
TA190467164728425859
TA719196136504790747
TA667865624250177510
TA510222361230138586
TA838721770352128367
TA501481669308905839
TA573183437648565931
TA535388544209755481
TA117968696929431938
TA282471751566705956
TA528596205963751071
TA188182888854811409
TA948819036833897186
TA549403238436331533
TA50833021199433546
TA107456890782478319
TA828695485314575081
TA720269758224740512
TA524649496779246325
TA510651174174076074
TA494338314801185474
TA992846566861603253
TA19567510384698531
TA488365437184339013
TA895249907950414638
TA595521689257357935
TA87880463737032812
TA119519811664153300
TA739357731432232297
TA640550456824651315
TA909965044332523714
TA880652213442853614
TA964244204017512927
TA950764664835505596
TA738120534990281087
TA714468960023568811
TA581543574409015379
TA688953089657631239
TA61678562905174274
TA267936585886968234
TA506089413891317803
TA692633366460189391
TA920533592303708894
TA517039567595076310
TA909546648005311694
TA652862142208898023
TA386640508159936891
TA345734369614695256
TA471990725627835771
TA31881229041958228
TA20366307972260772
TA274163905893732828
TA232017444885774835
TA285176949953339768
TA236328483757267553
TA737364161308296743
TA717173325086081960
TA445768869751060186
TA115989713288717434
TA98794769376760729
TA308168222145135712
TA452493612098586699
TA796763821906317505
TA501561497723844045
TA652768052151471331
TA242761782082215997
TA26518793648116872
TA508731490666094089
TA559154488277478064
TA154717535015134706
TA801261961445089448
TA958658198882851505
TA109679872149205764
TA136303434422510743
TA835746717804569763
TA204515816791284335
TA731056878587308467
TA489599526591605509
TA72442948617256940
TA567728005550871817
TA464496675639457690
TA481873196039998908
TA92871100610418028
TA276379761703143257
TA11939588042915315
TA883287253497441287
TA193824598721003578
TA183394814402766404
TA256583258160924601
TA956308339925871812
TA330095783990541104
TA178557201054536237
TA819591877959154788
TA918758454283221755
TA331901085357098364
TA349966617517826320
TA205391591887109116
TA432531047516325305
TA594369804307125025
TA616433137758577658
TA214240661967840080
TA527262342196033633
TA764849697850849799
TA703642261827811882
TA367709107710806496
TA236332325622336796
TA393139717552901080
TA725768422454874447
TA19385673900482523
TA574102224530839167
TA727368861496283625
TA756009918825170320
TA275097177341579767
TA686257240144870226
TA677890544137287561
TA692772070424629695
TA888602332912661408
TA611967472103079294
TA276944501882384789
TA650855142775534005
TA299399540439607740
TA786302409974504763
TA794269130647709742
TA92842554781494841
TA643135830974836537
TA514759332757339793
TA674947407253364058
TA677090479609500720
TA894302625792194213
TA821026196853920742
TA266763631620023649
TA738930256185204790
TA87685493166081598
TA747133741134451362
TA206178397212116848
TA508792595426606108
TA296976320754675951
TA239395378481163397
TA985589037192425219
TA706146714688766926
TA463466226028793466
TA14712366366349462
TA389198404795584398
TA197904921720764120
TA557811077946831446
TA530132793278866492
TA244554845582124518
TA78589286187184780
TA71078633201285541
TA325623007120943902
TA155554329150160477
TA6047802311619336
TA45826919818613170
TA278439738499034727
TA675313727849457685
TA337638073857569390
TA697387367362846044
TA551637713230620476
TA575760904012633258
TA905394010946932506
TA856578647647960938
TA891428827755004841
TA505555640990093373
TA325035931069625457
TA746914572006343715
TA145076724323309892
TA844137708833262669
TA588444877276739964
TA277673213107900495
TA167992112541680797
TA520717659399576204
TA593076528920546830
TA575094928267687480
TA581264084522024783
TA33734740359651886
TA255059909625922444
TA515464393729639834
TA627196756502991835
TA721421413132253367
TA587687924797636944
TA696090608668371578
TA944518316988412399
TA687252950519279470
TA895824086762766679
TA378116577722663775
TA864625384471125652
TA759722626843790149
TA153708684543802857
TA840165713356638421
TA298963375658640240
TA158289166928507191
TA177377526238467030
TA751276603404161984
TA316638189425579494
TA953539926288324611
TA935761409898332484
TA33400153410029889
TA61895259606804600
TA228108322970258714
TA956618311441677417
TA547035793547402421
TA108492420942121590
TA658055502523875891
TA486301649071689298
TA214376126435666928
TA306301334662602723
TA486045530291955220
TA929077114107307451
TA131717055794929346
TA47443212502323401
TA777367207629691580
TA202679704238748309
TA911995141990395576
TA731322155761512213
TA106735198920544713
TA168231208432783717
TA275046260174883648
TA315791167250525620
TA130266749254687701
TA498146683565588568
TA417304447238204276
TA52221645490544249
TA387065232778892021
TA557570283795517309
TA665729791036153221
TA343392182400820465
TA999888542519004643
TA111675905812061905
TA265456601819108486
TA229094582691226047
TA242216212288680493
TA888783452209256348
TA545396718235861524
TA831106231364907427
TA466533615895812856
TA908200349671408877
TA621301198984827242
TA276734332284098959
TA756401360733077709
TA784816923743986436
TA847196667675163460
TA142945858041236854
TA64225950644656072
TA678723678860047172
TA389908320518890619
TA330340092974340220
TA56488521924375747
TA371601988319086332
TA21830015109052230
TA662850253215577068
TA919740257245313050
TA850384308489621265
TA859179695936302610
TA13352676305810235
TA603491186747169763
TA550789520566605583
TA486670790889278330
TA453227169175680777
TA581922902513461335
TA546621867888385972
TA183139640735848266
TA63104455402519956
TA717900025932877077
TA659176919420931851
TA775496486424197559
TA323142637261757366
TA653705547692422257
TA661374922473232785
TA650931976666619116
TA726871465157786257
TA283641843134988230
TA327146639041316817
TA981325201369487185
TA192522502425293384
TA143112885893572054
TA926794946704726541
TA491135404536993835
TA386588643247307295
TA173476569440248633
TA156265658322073078
TA838314911585656088
TA15576956181534975
TA358312262994544925
TA408292675256092890
TA864506548762441107
TA940152925248490691
TA458464491481563745
TA692616204873467269
TA732450470359498616
TA373000934181433968
TA927490100861703261
TA999630238150633314
TA923606581364781562
TA353660919149542926
TA998493434714980755
TA996907994602867608
TA537381044180780635
TA514241208725728100
TA580451420020556683
TA673508823814727492
TA145680917026558413
TA902303465391001240
TA213434621252446415
TA739538762703133291
TA49235342643699631
TA228348166531231644
TA336260304204133319
TA121648577023860384
TA721396327495282401
TA969342499988348321
TA108976608962891615
TA636003047464372716
TA19805866661870554
TA521971004047719145
TA347509866713393475
TA246932152839712301
TA378250729243983593
TA644990352835922316
TA202381599752228686
TA127303988398479836
TA503964201506858270
TA544100049829397140
TA144337713860955898
TA447539807080815537
TA144963287260783462
TA618590052117063975
TA595397235174024991
TA253723214370179662
TA640958907538930393
TA694146513336643826
TA807963698720475748
TA409530374441884075
TA275140160079556128
TA780616632680609089
TA751348944556911599
TA918066067921191648
TA835420714894235440
TA832357427070230653
TA298449912321242378
TA965227089492976613
TA809217335278969291
TA390113677280834839
TA18484164750759914
TA635040403446908203
TA107118555876120303
TA884474062451944728
TA987344091495219119
TA794779386232832173
TA761651684435705270
TA285438628516525247
TA149960367482138173
TA301716626157444447
TA77658244316465765
TA249908631481190774
TA203704174942559348
TA208585673044720438
TA974897432100838780
TA292898216891079660
TA715567639717323369
TA628440929883287114
TA858554332206352214
TA808364908023643424
TA61960586062002989
TA427367981393713596
TA427232497985970565
TA188701592335590417
TA776653207421391985
TA417802754403109682
TA269855582462952408
TA444329737321234950
TA58387747733662207
TA384170363340982042
TA356758827541275786
TA608121970052536852
TA406645419929235430
TA802195105367508323
TA297662977894339527
TA33349728026036819
TA52336284549001974
TA841934069508715520
TA167258945443068253
TA276902128850853538
TA2305012274435822
TA638566233141455267
TA255307104619402604
TA518747027062506210
TA576254620999625875
TA561457027390376765
TA545757872698522586
TA239239415914324732
TA350465083818309290
TA828315823278548988
TA325074251440664613
TA29442943541672468
TA284441563230264737
TA758968496977810501
TA4200396421880032
TA753952121068698451
TA906733937850545415
TA185221477904329806
TA569431231011493109
TA570707624329639857
TA81792786721958695
TA427779820189624229
TA337363389103490057
TA972958292880132605
TA370851152527738564
TA327502767498935104
TA396550829741846855
TA504443830335516538
TA833271326580514080
TA949375179818220180
TA661776677281080291
TA802832702793664595
TA259946459473508464
TA328639854823603482
TA542399655433255093
TA477288392244456657
TA87036944232360329
TA482416832221962206
TA268791693626463819
TA884980482108660779
TA853199307069865881
TA334235248486299799
TA928936332006257542
TA419905193402310248
TA918849770933801233
TA870937259521347074
TA679290028061715867
TA395696104112608445
TA645103989933357146
TA555890579120523356
TA959071562834435262
TA955317159074570915
TA222272576918896140
TA713335296280539495
TA379517255671706911
TA450364303478028004
TA590127104231020253
TA134086841957830617
TA703633575715362093
TA199722324584766626
TA350042550362575540
TA846700427836731684
hgPmdFWDrPSNITUJLl
pqfPcUJsvbUNYIERXX
WueriOveatYUmJXaRo
LkCecdBCHFJMLsfVKE
VQvYFmTVhQhtlPysyE
NnspughmLcpSzzCLVr
fIGPVreAdhNBfGiNai
fvQleDtPShJueaMJDt
kOsPnOIxpXPDLhJcVm
qOTmEBEPNItWYZmxmH
vcaClyKJAKqvwiwNxh
FmdnpXzDrXovXSRpxc
KiPuBdPDKlOYCOeKrN
wtgUDTLlezLwoPfEcG
zPWTwJSsLTGlAywSMG
APrhHGKYBxmhyATLCl
pRGULVOWeKJkfpOrHr
arLiANlVRNspGWzdDs
iSgBmxbGbWykrqtHmp
IfUJmMBmidzkVCfGlL
HNYaogfaBXmiylxpwa
tZDPMRyIzwIOHrHMYv
QvyskZAJWmKTMbgZrU
rHbwRIOPftCaIsxThj
POKPMJhXxVkwiJRChY
AQDzaPCbTUHEWzNaHZ
ODhpfWsoKGbAGznblL
JCkgsrrqNATcLustqV
iYqPojlcTGrIgaexSg
wKANVkKmTLURkRGnJC
LnJrHDpQXARRCqBwuG
EEJnkhlnJAFjuZPqUX
ATiAdQKgpmmFbCuMKN
EYAIgPvtXVTuutObZG
YPdaNVAyJcWwqEIPec
eWSsoEbtSbNoVFpByI
sxMVlkXWqNOTKOmbkP
dYrzphVZrEKiDEmDjD
rRcMerylKvoDYoXmPk
XfoTDAiSOFxNKUrgrR
vmtYdhGDhSzNTfdjzA
ZOTlSPRXucNxqBXYZS
bzwaREMonOhCiubMqZ
MBTbuSGKNpaMuNbfeT
TmBxfwaJQbGoZXRznM
BpfhLHudoNJjFrlEED
koDlbHspHbPOQiJtWq
XRWluzGqUeAeMiCpyM
XnLMtjQsiOGdaDWyVv
SpoqeWsKnneuOHitiS
NsKfJimdPPkTGArJKM
TGCbINYnYOLExNzLkD
llRSpGPwjgDygpJbYs
ZIWNFPfnGtzLIzEjGg
bteAuDyjQdnxsqtOcE
jZYASsnXdjerNTZxjH
wfneDkBmGcoEDazqPt
uhuVjLbctZxQPCrkqc
BNgTlWFHCQnmlkPxxD
oQmojuQTyApCpsWrPr
YURKvbXmLgjnqEzOUO
qCXpUlIiuGfljSWeZY
zgCCWlSFVUtcYbECIU
vcpibYWqTUiyMyfFSp
HjodQcoHfVFXXEtcjx
fkZUNUoAbLvXQBPhXD
zsOGZEbByUGhskLnrb
kLnksNyssqPBXbztan
dWDNAqmDlUbKSkaUUf
TfPLFUKLCfLfVJcIam
GPdRYhDCcwXmhdzbLZ
qrpVDUJkNpqzbzfEiY
cTGKEvaiTqTmjTPvzs
UIJIaDBnRYzHhIqqbL
dlOVTQbNWtEllasJGX
FImcbIRXIWmMghCqxc
vhrQxzUlTcPHDdRRrk
jsIlSIqkMCadBlQxUl
rpmraHFfgZCgpYSfVx
whTKFSPuxYEgEtoUOS
wcogHLFyNGDfiMCDVw
injnxpwKQbjkvzdLHy
CJZWDJEpHKQpyNnpez
VAdjnhsdDBLkucqMPx
qXymxXjQoKBDWwyTBN
HsyJFfXKNIgnIRrBoz
PCxFkhyPGExueSMtXL
uAEvWEojAQNlUJPpiI
FkZwbiBoMhQbWGxmxt
lKIYFghZdNCHzRXjFb
RYNhjrxTiFfzUppkRE
TkMrCGQxGZVzEPSrEO
kCpZjFjFAVFmYcegHG
DSSawOdmjRcprOCjHB
msMlsPMpgEhkNGGXUW
jYwcbLbEkbEOuXCaab
IComNUPKhQsGPdWkAU
HmQtTKrtyvXtaUnPhl
NAOuWZSJvcpcIRqnrw
jDMewxMEevOWqyUzlZ
SYdVGSiBGQcdVciExR
qxBxRibUqZAJzeOHIh
HfYMvSXzkFUvFCLQvY
fpeGqbJLWaciQJBdRd
sUzMsywoAeXkmtZhpu
VOPjkCzUrGAYWQVdUT
TRFQkBkVNCCfgLDzoy
LMGyetCHFdQkQZTQUC
AnwRVbyigRaSQhWNTV
yOqvhkKhIWNZGkDccX
UajyiXBgTQPMetPfkV
SprsYkXafxKxsHZtKi
BGCznIIIbfyUWiHxry
wVfJRaRBlGjaxESYAp
AJmlEFTpIPNrPETwNH
pNBvVIEUkgqGMuegVT
zxaUlqyQRnUgJhncxD
iSQLOjKazVjtEsehWm
wPYxrzvnZjLljUjZAn
stoeenGVUyEaxfBDmO
MYXXfnriXGcCQXRpDu
efMxcslWzpkhqqNREk
fRwBLUiUTCbnzToZmz
KHQpAPALTJgBQAqlZF
dlhBgfWuKwTgwBiPeU
GEEnWKCaOwrXNzrsvK
RHFsowCgsvQGkGULCd
DMYhGbRLlYzlejxdJg
nEhpsZTvMsKCYiPKiB
tfhQOYVoBjIuCeYKxo
iJiaHaYTqdtkVFnamh
SRflvVHfnJQJcoSpzC
XVSOuTveCBmUQkdDTu
sDZvIMJCmIrYWFeeoQ
wmDRJIfjkUjqoqlrlI
zWIxZJZEjjaWvLqIwx
BjdsZeGXzAAlnPuomQ
ZCDTOCteGsnlACpmaO
MgnOxGsfZNaluzhJqH
HExRVpplZfAbITVKQN
srPlEoALubRoUlUaaR
VCRmqUquMEzCtCsTmb
mdNtUBerFuypUnsNjZ
WCyPurpDgWphwUiukX
rWGSZFjGeMiobYsRfZ
iWCNhFrJWGkdImWygy
ezeQzUyyIwlTmbVmeK
cgnByKCXMuJbMlBTSE
EPoOKXfFnjSPnQOeGW
uEbKchIjsnqEKejBFN
sShykfBgyKeSzuTMAE
NHfrKKHAREyijeeSLg
BeNpuZOmWTIxxwDnqK
PWrwUlLMFHeIBnUGqO
OZIRjjEpCNxtKSdZJC
WmKUqBvqVXddHWqNXX
gyBUQARRmYUPVEfzLz
oXpitBhknLBYAQcOht
bRZKAXfkUOFqlZwnzY
OXZPTKcZsuGdeDpxGi
QyrtlRitgHhOxHEpVN
AYYQntmcTBSnSwhTTM
iJMqodcCfmVPluYCSl
TinKSSKESzqZWjjijo
TSQZPcjikAMLyBVcwb
THLmxXMFvsowMnwqjD
vGtdpHGGUkGmerMegy
qDzCwZbrNNHnVrXBHI
tWHCnvNkNvPLtdCzCs
eRVKtwvTbADNQAExif
NXcjIzQseUFdPUhDeE
hrYmImwVyVQCcAWujo
KnBbPLrgrgkJGXlYBU
wmaeApQGFduvDxKbkS
gxAdTQelTkxnCvMmdN
WAQzIzUETMWKiETuHH
dkwtcUYoVfmXGymGkb
ZdsOlXCFMTOcuqKnHN
fxOPpTiQQTjgHROjOT
vsADkbYVhZVsQeetqg
YgHxHfZHcGduVJFGpP
tEcittdJINfVCseYAi
bqqvMqiGvMGNTEilJs
GDnPOwmHCGPOiTIEhu
sWlTZEHLgHRRsxJUTj
MVntKksSiGjTpCSQFr
ZKqbuwSkutWCLYiTuW
RIHixCIzAQoMplSaVy
XqHhxnHuTNDjIMXtHv
sHnlRscKHPiLfZCubz
EQXkhgWtorAPKPxQUe
xhUNpgmdjptTfTzSex
vLOObawhXUOTJqorLd
wffRTeQASiTLwqHVgi
vSkzBkMqeJMPPDbKBA
xtXfRUcAnjHDpUUkMj
bpHqCRQoRGsvGTJfdM
enhzCWOVciBQXdoRpA
NlbpAdqSJJKoykdwQa
FpQdmMchhfUCarMaOA
bUCtlaZYUuBcZKcEzj
SPbLkoKiCLGjdxSELB
HnhWSuULFxWtutiLIR
iWmWvMthEWMUYlGuGz
oWywJgqyLvyZJSsHLa
ZrdjoTVUsHtsQMIUoJ
goGRknKwXgiEDuckId
KZCFOvNQRWlAEDWuVU
RxhlrxYrEhZBXKBfuf
LuaQVWhhyFoUFBiSOW
jpScTjGgcvXkTNfEDY
ziJNfyecBwWLENIbDE
YicoTxQSOtxyuLfEsY
EgGlAhTNFCrFrNDYHj
VOGLgmTMSDreZCRpoE
NLLpErBSGMsoLDeMcy
hyIBRtnlAVaTrIPgdN
KRZoztCAxYFFLAXqrk
lLqGRMiaRefsjmfwHR
TDBNlZuGsDewbFtyjp
pYLcfyhImoeZYXWvxK
DYGsySomvSbzvRLCzp
KezxxFBczDmEwTHLEO
yfDjGfqzZOsWwkXhTc
CYxxnpEaOVRbkvWLJW
FZmPHVzidYcYnkDlUU
xYFmMZwdaMUIXwcKGr
qKDtGwuPLboNccOcSh
wURtisYKrcODlNcTgn
XYFJKnYPxgbgojPyzt
EkSVflvgUVlhdoNsrj
hCGoqWpoFlRuDOVgVs
JKeipRpfOZhEGDLoIA
blMflJvxTMUIdeucwT
DYlMRfwkpzmRqCNqwV
XKkdHWvPPULIKUtUiT
WznrPRFxwkqVZQxgSD
lkWcDzeudTsHiQQfmH
VmFMPUJKaEVAHfIVqv
apHlCGyiTFbBVputkl
ridfBhsqFcKwimlbpd
GfuvBGnWyzJHZFOXVe
eWTJQsVwWRxjzVcfty
aBjzlESzcojiCMBCYD
npoMcLLYbypvMariAY
CBqKFmCDvduJxvpjHD
xSqBRQEtiXlSvttIkg
BPlWvHBKPatNXvJYZX
vVYOIaxtuffjkQqtyM
DvhvGgQgGEyVxpCSJG
nPCIDGFnhYVZkmhLiA
AFtgDCLQJlFzFaTwzl
CzWGzYbCxQEkwHLlGg
xqcIaGCYVHgutTYTly
xyDNKATAmaDqBVRCvd
yOpsTTUPGfjCDuDAJf
aakVCsgcyrURcSVJQg
usrFqrUSBkdIegNpkK
bejUDywqyGivsvnLve
kDsHJjcJertMITVywI
FFJcftprMQPJUXJkkU
wJFjSauSMcmmoTKHQj
fGcNwpJwxZesYkPWGj
bqFionQTYCxWrZjjHo
WUbzLJxLVYJWYlTAgT
OSdlMNqFYxerYHWRsg
HZQTArwlARrkAzDJjh
bNibROCrEtRyXUIfxm
yBEcGvUgDNZFlkqeUd
TTpAAAGWqiARyZwtTQ
knOopHRzTyKYlrBLsW
rFNzICRFYscjHOoACr
ZpLrVXWIjtEexlTuhC
bjCkVHuRgNtUKuuZGF
tTitGIMkbbaZNpENev
WwzMeMpcXvwIEvwAET
KyHETTTMZhlhpjIZPJ
sXtXznEEdkjbkTNiOC
eIHQaFhwKpwemWuhEl
oDTJdEtteMfrlpRkAN
WYxvHDvOEqxddCMLtQ
hZKFUFFPJJxWsSyNKQ
YpaZTzqwKfYBJTdFBw
MpbnTURXTMWKWFwFBZ
KHbABjFLkllepRywwu
cHoNaEzjutjDDPWZJM
JQEKrDbFgZmeZtCzsO
EgseevKkMihkxFGjwK
ZBNjueXjatUFIkHAPP
RdlPQSUkeurxheeNat
MrsCisdsasknHDTKTT
hAVbOWkWjsBTRCMpAH
HPhqiacvtfAMxgnbZB
nxUsoupJuLvKqBARgg
vbEEujbgyDhUdgsecO
XuaDYlyeauHGdBGnxD
UvokPMNwQNJKnzPHVK
wpHAKDwrVFPOeIOIED
tychhFFhnczyPgYALk
KeFKFUuFzsRzRpCKvF
RBTWaUpxbHkJsjkccK
TMvPLnyXYvytToLscU
geDaOBEnojGsCLHGaH
UzCTRWgewLMyTKHCFM
OdOvFAXkDVbzSVGGrq
uQSfPlZecnfvmJRYfw
VbPRbASsHQRIGoTata
hiblmjBmTWOdwDGmuF
pfRypqayjRRTGXRSvF
XQmlGSMhyWDwJJYodv
QsfDfoHcsrhIkmIkFr
bUibSEZZvwtCOdBMBI
NLBnDpxbUyZkDfZbsW
aOxuYjgCFTWYdAYTWf
eDBFHUjMDJRIskUlXh
TakuCSJAVOetxjICCk
VPvbgpqHVynCqqcOSW
qZSVViuePczLoWHing
bCRIOwusJCVvQerWjs
tDrWJfYbCmhzRAnAFF
lDtuFkNdTtQulehiHs
vHIuLfouKQLhAqdVSx
gOZEwEHyhOVMSKdwaw
UJddPCBXKGENQJlKWq
wtqWfPrmCKkSkQTnHF
DKBloGnUSNtYPCmShG
QLmZrNkERGlQdQNvfC
gPLlatfUrwthmrINCa
QOjtzXOeTOelIqAmhW
OmJaJYVLScXtayvFOB
kNJhMpoWCPjNnhoLnC
wBiYTAqGUyDTujYkXy
xxmvkAmcqyUooBwldr
SgqqlpInrsIIgRCEiW
rDDmEdOHWDjvuUUYDQ
JLTpwjaGyvQgbAXtlV
LVdPJLBmnHPovGcyeg
ScWiqwbxWvHjFDsWoG
VeniTbqVcNUMfyjvyr
NkJXwIgYwcZfthuatu
QsJixGZZLWqKSafaLA
LMgaOnfpJVqbyInmAS
zjGgsmXztEpXcXkuXO
VChsoSPnVoqMDdXpZi
zzqGXmkFmSaUnELlgo
akbwRVQtGcBZRpiMJc
bUOWvKVfPSEgHNnuzy
GPwVZzyhOHzDNhrSiS
XpSweakSJzhgEUvZdZ
uPaKwWgmWrAWbNQpYo
JlGwoykpEHPaZslVKp
XEztzgvDRpQfdNuwqA
RfDFSLncAfmkjCrXfQ
oNnqembfQxnFoqhfyu
WTvoftQjpbczsAAmcu
itrDuiGgXmyubZSPDl
zHEgoNatyqzxKjfXHj
qeDGWqGrRCHnnZbPxs
QHHbsnYgFkcAXaHKRX
qrtyaWKNBTTqAQmCuJ
kQxewuzUTYVDJVxmKV
YtieJYuqjYOcWvFeGy
tWqNkJezAhHErZBESa
UayhoukSRkYWKrtlEW
TppvSYwojdYGUQdeXG
SGzKRCnlubtVgPHZcO
fKvEDvznFgVmVJUnuT
KuucajSqgkCFjEdOZj
ChNyGVuYZReqCLUSGD
JzmpehFKDtkKOFGwLn
SSBzNEXlmvnUneaXYJ
YlBIJdOxpCXGBuZvnK
NHeHaPXnsullVBRRhv
yabnIwElEhNusqOJKl
bFvLIWfGWpgvytmFtp
DYIhpmkyczWPrgeYiI
JLIsqPANblXTPrpNvn
AFbGHfvXZsZAihJbFo
XhECKnJpouRfhGGDii
GjiXMvWdjorXpxmGYv
MvPnUXhLJiGHfpZaLB
ZUpDoXSPOdmHkfLMHA
uVbqeetxdihuQQyDpq
xtjxVgtWiDJUKXHZgN
cCcTipdUfZlDdkObqq
mQDADDrFYYenBZxuBj
NYWSPskBGbJHpCYPqX
SlJJvuupMUfqRhkmNm
deEawfQNOjriGBjEnw
RnqnxKAlFkEZsSLgrp
sZAgczQaSBHWlknnHH
sPFkzrFjbRCllRmMFX
sTfQdtzvicEdDtTzZb
CjvWcpRZLuiFDwYavF
RJzifPPYcKQbnCgwwv
kPnoxTCuiMJAVTeoHQ
MoHpQYlczdNpCYZoKB
gXsDZqvcbyDKVzeUKD
psffGkPThciWhygzGY
HgsQvywriJMoQHwJED
HEnEMxvlbuOJHpHanK
HeWFzvXLpTpvSaZFWy
AmXdIvdfNYnjWLEClk
jxTkuXGlPsjOdepLVf
MMMSasZcOuElkRFXmT
rgPwkcxnCeLxOUrbxR
VRUnuafPUQGYqJJoLd
KSOJbPaNpWLDHAEhMi
BdLDKPSmqDgsjXmkRH
MgKFtsPIeoqlxjYnCJ
khadWYMizGJoqVwViT
KsOyqJJJnaYDKMkees
wDunvMMmMHkowwAtzJ
ARqTUZMDFJJdqiXppn
wkXDiWepHifsTJjjyS
cNVIMmwmVECuBYQFJR
bSifdJZTcIQTZoWmnr
TeGERLxvWamneXTsEV
vFDxYSeIANaKPbrXHT
DhTblzIeYXvZryCXcU
MhrTiyhVpNwhMhPMnT
mOEeiaNTJTGYzjgaPj
XziMTDkMFTNIPikFor
noNhswnavWEzpTAHoV
uWRwHGurJxxTrWpWsZ
sGVSHYqAfkOjhORaJM
PcRmzZTmlWwuJwuRlB
HHSyigaIdfeoukIJXg
TDawarVOnAyRaXBhvK
wjpVDHwGnPUKZGnuyq
QIcRbbSftnTydByYUS
AUsTdpJzFOVWAaklDE
aBTLqeFgyxzpekNPcZ
tiqKWUpfRuveLsiLuo
luRSvwItVFJJSzjYBl
zQqUfkqDbKqoNDlqwP
TuMFBrXIcQqliiundX
bruqDQEofHyGYPXnWV
pEHNHWKvitiEghzWLM
ptkjVSgXnvnQGwtHLj
mXrZZGjiAmKyhYHewx
yUCYpNbVEbfNfPDQrY
yXGgbtgZgGIkoQqhke
fNtLfCgBPEOTgYayYo
delXsNwQyKuyuiXYeD
poLyZAkluLEcrLCoSe
CjGAAdoUQVhJUisNyL
bXwXdngvxksiDddgUU
RnYmjatvVBZTnmQYWv
EEDcpbApRAEeKzwLzX
VfyFlmoJwQuBOMctKj
GLoiHLfXaYWZzfwpsJ
siLwBUJMrDsLSSmUXT
YCieLqoMEEDVyIcCxS
PQHwhHAgPcRuOoJgZl
JJyzLwsXhfBQfePKYv
YYHAZXeIjcqXiKECpy
FiAoklAzvWRZHftWzc
GbpQytVKvaabwqkZtf
khrxbLXDSqaglXyEnG
ttOxJGiHPKpoylURou
IdHAWjgxtuxhhmLGCz
gwhbWZdvOFJrNjslUq
kRgKwTdqoGPWqczksU
slgWCzJfmeDImhtozr
dAFyIKBipuUDOIOwJi
ukhLTDkrsHVUwQzoCH
HIZvZFIVnCbTirlLFj
hyuQCmmEKSoDoAOKhf
tCOTJxQnMPVtJpxwEi
sXkOvsaupUBouaqYEq
ByaujKsTTojlZaVVaP
AsNEnAyjwNxHRtEINo
bbHknCCKYUfNItGCNx
pYehICDkicKLOarSCU
dhJsfFVeKkjZGPklmf
WNiPGBudsHCHEFgvyA
oTqwNvIXZGnNmZpGmi
TCUFGLHvBcaeQeXxCs
SqeWuuPjzKpIBZWGSF
MBifVwtcGEFMwWrwwV
DNDtEjRNPtJwIvJrAM
OgGRjIQWlwCpnBhIrJ
jxGVkJRVzyEQhElZBw
qlPeDtUXiLphPEuWxs
lrsFVtXtEWxuDnrhOi
dbjPAZYlTepENysurb
QnGhboroegItoantZi
gSsCpDoaeVxiNLUAqt
RNeJibaivkKlqAlITT
GtmTxhYxAYOpABWaIb
enHFwOnKjwyOigHFkq
AGhFhiShVzrNcHlclN
iYgUhwDdqguzgEsdDu
SrGbjZpcJEFyKjlcag
YvInhSsQsQihNQbIGc
pIkmBUJjovpOsWcvqy
TAaIfVYoywYkBWGumnPO
TAyjTnixxWOCMqemorMT
TADpMUMiRtIcdYSQHYfG
TAQggtKYAovarjFqCIPM
TAISDlZfJxupivevkrRV
TAkFAkdVnuRgkShghRjM
TANZchFIklSlXXSHtRep
TAiYiLnyxKndwgumLtcU
TAxuTKDSowEVDLRfGFxb
TAuxwuSPuKUiffbpMsen
TAbtTBahUaeZcAbkzicC
TATXiIQFQVsfrvUpIBew
TAiDacxlhMjYcfjmyqUy
TAbXzxhQUpePTeYmISBn
TAqSobtsqFCxlttxtxZc
TApCBzmkoabTBxkyQrrG
TAHVCXzsSUnYDdKuayMS
TABAwMMyufkpYohPfriN
TAcNDKWLSYPPXwLJcRrd
TAStKWuIlfOTWXNjiCex
TAAbgHYGjfwOhSVitifq
TAStyofpwgvoRSBmENti
TACFPkBTAZOtpvIqCwsH
TAgdHAiYoWlJoFojiYLc
TAEwRxmlXzHumqWeJstw
TARItyQogfWpwPyZXPfv
TAntiUbMHiWBsIcWhhtA
TAzNHWufHqgjTYypWNyZ
TAEcBoyrEOkJEKgLdmPZ
TAFjBojkwjoBiSKMbyAs
TACVBPzxiAPwEQQrYAwL
TAbSMjdahmxSgeHXXKJD
TAROSxNiXDfWqpGHhciH
TAOaWgoZvNuwhEyEqbvK
TASpFoRRTuwjLnYYUVbh
TAYwSfRGDsIazQpGGeLI
TASusNnFbfTwSwvjxqED
TAoYrDXfzDxqzWqGnzVs
TASeYtUOiJCZfMlztrQo
TAibzxhqMvoxdVlAxIcg
TAQABMdkSVqlOShMICMl
TAnMsQjONlpdBdhqYRga
TAyyBaCCnomgUpsEVQtE
TAySWjWOKYYQdDTJaOzP
TAIZZPebcStWtXfQmcdf
TAwpSikIhjoCLdCMVdCt
TAZJGZnvdvfIeImgQpUm
TAeYyhJgPzkxjTQrpMaf
TAagvXQHMAbIveGIKPyo
TAhKCEUiETRbsGDGdSbn
TAxhjrhQTYUbhilsNjcG
TAFgnCeIMRvXVqSUHXrz
TAureYEtudeTxZkqEVsj
TAehTuuDEmtSlLSSxOHy
TAPvPwtbKLIyYWgUcQth
TAbkSwIXWtXnmUsLOTSI
TAylKmvjVJafpWkVmuwp
TANcZcfZSanUingbeLRn
TAglpQYWpXxFTziUZpaw
TAMqRgcnlMRHUgguyrWM
TASKzULrdJFJxoRQkvLv
TAdfuxfpTyUpYOMOepBE
TAASDZBvvHPyeEgGtJCn
TAreqCQRHDWSPJgPqEeE
TAFxneiwySejeVOBmCcc
TAEOvOBxRBKjCqGhjrkW
TADGePRuyQsYruXnvdAJ
TAQuBPPiCNpboBkxFTSc
TAUeuGwshuzkILELendP
TAcDeAfLGyaNGgbMfyNN
TAvLrQZHkjFMdHyOoElQ
TAJTTImxkAFVOPkmGSVE
TAdcXXXoeJhDDfaJtYEZ
TAaAvWwbyZycIjFUjgxb
TABHZMeSYydEsBNyyGRn
TAAMVidwynBnJOZANjLX
TAMamVAzDXdRcIEcrsBw
TAjgGTYpQynfgZqMMdLo
TABCUMalWOEGQyyEBcVu
TATnwIryoacdPLyJkTTq
TAsmcWxBkpoLsHbGJAdB
TAQQKbJEtVVsMROAxaze
TAJKxEYprZXjmtzYDVYw
TAZHyBGEdcatLmnxvtWh
TAttsAXxrzTUDqNijMYg
TAkZXVSOxyhIPVJNJTrN
TASdJieAdxkHnoKJPhTx
TATpIQbUgMCMdNquutfK
TAnlPaHYeNOjMvrievIZ
TAyFwDHTPrwpqStfpign
TAbWClenooPGmqRJcWuS
TAqPXmjcufaSVvgxgWqA
TAhUzEexeDEDUOkLsxTP
TAxbWiXYqXvleWvnohTX
TAPoprsLAGePpigaFWOm
TAkczjGLlVmBOlqsKhiN
TAIuNwddcwxqZXsBxUiJ
TAPQodKDzLrYBtRpxhKe
TAlQZsQyYemjGSbVQNaH
TAwiJMzuYJhSCBnnExDw
TAAnnWMDXRXZIVTsgbPQ
TAJBDQeEfiVBxKrknSmx
TAkRibmRYFLHkSNLlajX
TAqCojnSvFgludKgoYyd
TAiIkxUGrwnbVpSMnYIK
TAKNPkEezoExnfXyGdXT
TAmVOEOPLfFGTemquPQG
TAuFvPrAyeOTiISryOPx
TAUmXHunDrOJeeVwZYCr
TAgSehoJALeDlNUWYabC
TAwJHmtzICIEJAqjjRtA
TAeyAxkocbyVtsmmHPsw
TAlHDTJZsaqwxPXFoOaQ
TAsYTExbBIHVWeSKOSIq
TAaQqFGYYWxnJFwLMdlu
TAIbZJOkRgKGUwjbiAPN
TAeYecrGLlrsThWPNlgF
TAEALIXbyJKozDlGVjxD
TAAFVBUiQIEWzmrVyZBf
TANjurmFPkpngGHnkUoT
TAFykoBQCUcNpWJidJcp
TApVfwwlNGfxzKLUdOyu
TADtDLVQDQPkzkHjfhkG
TAYDOLUTeszCbGIZbEHV
TAZWtZCAQcCtQhjgUkEP
TAfOJywzbbzYWgsjbeLt
TAJJsreObJkpHxsztpvF
TAUSxhPaTuMqwtSMMbVn
TAeCsjBnRqHZKotBfxWh
TAJkLwuOXhOlWFtCLsrc
TABRnsEXEvuFUPEBdnoh
TAhPUzAsaYzLEdlrutKb
TAXkWOTglGOFQVKQKUxa
TAhbMKUmSJeteAjjPnHL
TAkaGJONtfrUjbbGrowq
TAjCFetFggLvgnMSfvZy
TAGkZlOwGBmtepZzQoNR
TAiJEFvQKiUYwIJgOcGD
TAbZjEWnLFtQOVwHURMy
TArSsksqzhSpgHKGpSpN
TAyNPdIfCEBfAURkNYky
TANHdDqJtwEJnLeLyhNL
TAbAzHVsruEOEHrPrdzu
TAyCoBKKvOhxIbmmudOP
TAPlOZMWRIcDOMLOxxTo
TAvCYQePVlGjHLQhoqwy
TAWQveyXILwhragoqFEk
TALqCKaIjpZAuLnpvcGJ
TAyTxALkzJPwdqElGTtS
TAYldGofkJEmMJYdEsno
TAkeZXRBptNXsuBsoacQ
TACitBYJTAJBJNNmgpro
TAxTPhRyhXFEHTtlTzIG
TADzJexNbIhjkWEQAYRq
TAQMwdSvooyXGVoJjOtX
TAnYeKsIcpUsibmyzhsJ
TATWsmbbKBhZxURxLKMH
TAMjxtTSDDTKdvqyvyBw
TAVTvVpfuSeyeGTpgZse
TAVBfgLDLSfhGNYXBelH
TAPTipIdOkYlkSAIUNRa
TAozsWjzxULmKddbxMcO
TAacWgAJjFYfnXTXVILX
TAMqBlUuiutWkLJqoZDR
TALlxidqtfFHWEpqiEWr
TAFKdsYVuodliNXJawTl
TACSINDggrutvTPZQXaR
TAqLwkicBrYACiyHhdAc
TANOAdNmJASAQIynyDfr
TAZQUFuQRuvPPYylIfHm
TAKSyJuOjQFnmnHJJOYI
TAEfJWWnfhKJrjeVDEED
TAQWOSDTZuVHQRAwNQth
TAWcMGtqShZXPEdQmoWV
TAUmcnNKdIOPVdLQplQk
TAhGGgfRLAdfxBumDtYp
TAQUBZHLjDequjFzaSCL
TACWlLaxUywTAzbnYXpF
TAXmmgrbPGcWSdfoWioN
TAeecWJWmkNFaNColygg
TAuKVrojLTPYojwbNBCU
TAvqpQlGnoQtsECQYsCh
TAbagSSyfdnDsitIiDsj
TARgMGmQOKkBRpXraSnW
TAYHhLTeOXpMYmFyhumj
TAbtfZxSllPiJgPCEJbv
TAJPfQWsHmgspxyiTvOD
TAaThLKPLLpyujGwAyFL
TAEwkSAGzGCsUayWCVqO
TAvCJhxSYrkHBMBsIiyL
TAlhsYChwOMFhlqPWZqz
TANUPFRkKEbLdMRtMibw
TADLmJwDzcvdlGFuUrdQ
TAozkriWMAsErwvFWUIu
TAwFGiEkfLOuSooMgCrb
TAnivIxTMqtmbTcwxezR
TAeNIkKhHPwvnDSkCTKD
TAHonRunEctwwhgjdhiS
TAJVAnQamYaUqXtIfonP
TAxakKFMkGbBDBAcRzTL
TAsKLcqgcVNdqVCYzsdm
TAkiNJSjaIfEZkVdNubj
TAtcwrFHscMgfoIoPZxz
TAKoOdBiQqujdWhnIqib
TAyrjkyzvoIHnlRTMkjB
TAxsIyoxNAuWKwJRSzRL
TAGsWtboVWvlijNdZcee
TAumulMjqztWJcRpweGM
TAOGFodnIxfcLXYTiTRj
TAgBFMBBWmIPvXvwVFAh
TAcVAsIcxCirbNHbbhsU
TAVCGDMOLAdkIWurdykp
TAkVuVjFprjdAFdBknFq
TAdbHzTxTPKtOYHogWvG
TAnxmobxkzJoTRHPilup
TAqiygoQGVspPnjuYEDq
TAaMvSHMjPdyFeEYWros
TAKbBbrIcxaRuqgfYNRn
TAqyIJlJLJfrlVKMTSPL
TAouSOvGtabJVxaybtbj
TAWWifhJJIIdBvqmfwQR
TAJBkWMNMwtelMgSgWWH
TARlCjQafckvWFJucqLu
TAUvzxoMthvZHAaCgDnw
TAjqbjyIbytOfLDAeZKB
TAMevFdlnpnwDSdOPmcb
TAQONzrwXDzIGdAGEAfY
TAIzmEQgwooSBhDKsRHY
TAsJKiPCriDreImrXiHg
TAXSrIVbLHHHmUkCgyxi
TAPrahaIvklpvTaFlWhJ
TAWrNvZgTYpiCjoByeDR
TAAuPPJdjJuzGXnMuwLM
TAcczFAxWBckROUQAZTy
TARTAWZoWkkqioUKwbcq
TAjDYdXsZYgjZyqAAZqE
TAeulVbNfItwrDnUnmJz
TAhDmvPTNcjRmymBsRdd
TAiEIEPCXLLZkTnoowMm
TALIIJvrbtlWwemNmFiR
TAwfQAZMfjczHZYBWyoJ
TAKmguTknWmIxaSXvynC
TACaMpwMyllGolxGYphN
TAqAyuAnfxSkRVBwfSSB
TAEEjpdOkHZzTNBtvazs
TAHVybnAiVFqNRNhVjSR
TAyYCaWmBIKgDvgPvAth
TAmBHiysTjogPEFjhxFw
TAeqoTNBRvAvgbYsidYM
TAxZrboRXaKCVByVkCBb
TAneqamuOFOAjQyOKwPY
TATKxpHzzJldzcPpihxo
TAoUesqqdaEqTEPTxAba
TAzhqySjXbTeZbdVoHbo
TAFlXEoBwRTKJcVedumY
TAywqnQjctvfsBVravJn
TAtbKkZWTKiusDcBDZSE
TAuhzowDgMMTMwDJvOyo
TAuYCnwMyruViGjFJSof
TAoeupKYMdbfrqYwQQNz
TAbwUoCuoVHYEzKQPAmZ
TAdToPylFuVIpCTeSlQb
TAvMVxwlLrQAPTrqBTiO
TASrzZfSrqVpNICTqKEq
TARzuBnVApnNwQYhCoGp
TAfZTlGtFxvOXIIZWvHY
TAsbvTPUUijbaeiSztFj
TAhKggbwTlcmsCjVLkxV
TAgkpwBWtfkbHclpIwED
TALZIkMNNLzAKYxrtPlv
TAnFXsjDHuxprphgNQUJ
TAKtDkrCcxYrwYKuplid
TAZimecOIhETDycJgpSB
TAPQrzVIlakxvpfJpVog
TAqFjvvCzYiigPRjwxLo
TAdwjueXqDlDVxGCSxlu
TApgedlCfgVijVMyxXOv
TAEfVhNtCqVagSYJYfnh
TAnmBQSSSQodQbmvBHZa
TAJpburzNVMShEYIhAzW
TAgpZynpQuZmkgmwrhhN
TAepIEiALsLQQMGEfCPP
TAaUGnAwACTWgEoseWlz
TAWIEzCrukhjqVFEwZno
TAaYTjuYzqFyosSBuVxA
TAtsGCqqCGeyAIXjNfUr
TAcdmeaBLxBtYUKAWPmc
TAIEJsJXmnoLMwRKuooT
TABbjireBrWeNcKUXscd
TAmxoMlOqZQdAxrkGChK
TAbHdnyQsObvuLAEkomu
TAJysjFAulAijhOEApRk
TAjTUqLnrgiKacPeQJBz
TAnMIPHGdtiASEvFpTiI
TASrDxUBqloATuTDLcjS
TADrYKisfXrqshYAkBuo
TAqPKxuTALDvSswgFRfe
TAGXOtahccnzZMAhIBsH
TAOiNnWGDGcmjCQVQMwV
TAeLBgEFEfbluQODWoJJ
TAdaQVOLcjsyPRpvSYWi
TAiTHqzCClicAlUgYoHs
TAdjgYPwnlEoYmaFIsOg
TAkdxFmHRrzpGyAfUyvU
TATrPEGFSMqQVYpNvITM
TAWqEomUDvWZfsOKGCWE
TAhbNBZSiJInQymvjmkq
TAqBRNvPlSAoanqYlCPc
TAXHvAQlXXaBsztmigVE
TAbzjnZicQyMISgMPpcK
TAKIcgtohWnthhtMTukB
TANrgLDOTTtUhYUbGlIe
TAlGqFQTDWMNxxMCNYzP
TAuVSoHOkjXgeIrcrZDL
TAjIMWQBoVDlHSvBoSpv
TAMEjKVAGFBAkrCUfcxd
TADJTXuWzpdxItjqlGeQ
TAIqORjwVXMyKKRyWTNu
TAjmDFVgGofUBmISVKKs
TAEjXGlEdIEVLLoUcQqh
TARYjbkAXkspHgBMZWjW
TAmYGerEFnXNmxsbDaZW
TAdMVgFBYFdVJfeqhxHT
TAoISPeAPqWgLWXqndkN
TAlNrSYHauKuNQZerUYm
TAnOyWmYfUsBtrbCVBCP
TAYXnLokotXylgpbJmIz
TAcpqzeABLwdgUxCBznH
TAkKgQfGZVWRFBfAaBAy
TAQFOvQlPgLTFbKvwFNk
TAxWWmHdmtcBToFhoaYU
TApBGJtWzyVqcrxZHeAR
TAtMSYnCKLcVQQdMnQmx
TAMUqkuMfyuZzpbOPZHP
TAZYQaSKSMeMkgtjOOoQ
TALLUQUGhaOqqjVrvYzu
TAqfnZVQEQwUhfFtaDfO
TAuBJErFUkofwijmwXjn
TAbythAmfcDtSABxaqJW
TACvZSUHAEMaxgBeNfSA
TAbZuzLfDeRVaCStNmCD
TAzBlGRLIGUwNpnhfNQf
TAzxtEJwMkIxonZSTdPm
TAMKjhShzrVRpXrDzHfB
TAZIEDWQFsDFjhejJEvH
TAfYXanWreBhkomyVBXn
TAFWtALdQJDMuRjduAYy
TAvqtBMMXwvpRefMOnVx
TARtkbLjmwZJJXtUDUcc
TAFRohrxefsiIveuKHgJ
TAqzBTOKGjJYxTXxcXQr
TAxHwQTZmDqtPjtQTNLB
TAzJhpattoVaQEkkCXWg
TAhrEQULHmjPRYHxuqHB
TAkHBVScUKOPSSZbAUIs
TAcjckjNivkyKNKemVVr
TAtNErxqgigjDbQMLioN
TASdOwXPNsYnEMhhbjXt
TAEGjXOMdlVlvkkkRfvt
TACajGUJogGjGCBlViNG
TAcJllakNvQfaFeQxJZk
TAJPCPCxZukRVxUNWTOY
TAVNdXSCQsNgVyXqZrja
TAQAPhSmPBYNbTVmdvgn
TApWifEYAZsidPRnowIy
TAeJfrtTsDDqmkYAfFoL
TAdmFLPOmLsecNBonMgS
TArfBpxdvteViHYadtON
TAroWZYCVnbruxMuhyET
TApkRmXpLmegIFGWAuyp
TADuIHnXJSisGzjviNeL
TAgaPvhBSwFOKnheaBcl
TAXeNwaVqascGxuisakv
TAuCssPQmPnGjTKwLKhm
TAqmVvAhLUUUcGKTZXdt
TAEsvCJKilBAuRcfZbNJ
TACWAcUIRUTCcumEZVtv
TAOAsGYtbPTTFZTFyyIU
TArTuyGJzYjlbmDcLwFP
TAvwNkUgPNlZbDmGlAkU
TAmooKSkMFFQbtKmHdUH
TAJPQrRTWJgVzHwtTJCs
TAFDlcRaYkVExNDYSxSb
TAssEYVmldUHoMtzKCNl
TAbMQhHkXRQulhDsdBiY
TARfDfcHxFTCxLWhQmAa
TAaXtorVbpQJgNxBSJZw
TANjTFdbyyqYCOkSQIdb
TAkrLkdwGvciWSiYLavY
TAhlpaEnZJBJbBAnGSmW
TAtWwhDoqwrIEHuUiDYB
TAnRaAlSryhBzkThwCqv
TAgmXOSDJGRMGQPoCopg
TAnpEuuzvMiznnRvnQwi
TASczduOYjYjRjHNMQqp
TAdnMQpkKLjuFoRbiyed
TAWtnTJlxVIUOwxEndkm
TAYRlwJEzYpGrocMxilZ
TAHklCIYKvyZTVqiTiHo
TAsOYwvTQIfTwixrKSXe
TAtZaDzGbtmYgjYxkgwW
TAzCkQuSwndezMatIirG
TAnMBMSfLPWBbiwgQeVr
TAzhLdaYhrFeZSxpTQuv
TABPfcXBrWJbNwAcjltt
TAwrURUceatQXkmnOsRB
TAWMOLIuOvyVunqbgWuj
TAnaTBLQDgjIACWdYepd
TAoRXpuZDNTMYCqcilfR
TAsFqMFEgfOVDqzzPveb
TAhwKoGXFleiILfNfcBb
TAttbIRPgcAZYupNIvJZ
TAFUNIzDsHzwLtYAnQML
TAbMxKFYKtOJJDpTpGdT
TAIXcIvzMNcJKQPcZupB
TAvoInmFRxDLkUmcyLji
TAxVwdWdDkotnJercRUV
TAVvfULVOfCabAAtUGCp
TAvCQEizKPotwSWNhfks
TARERaUZEFNRQYUQnOUS
TAjEnJaZKcONZcNLHutS
TAtXhDtXSadGocZlecLj
TAHeKBgHNpnyxMIvsfeS
TANoPBAVdGuQkkPeppCv
TAUphsgLfeqODAHowmgl
TAHOFgmNZOaNsNAoxcuA
TAohJYGezWQkWgGBlYnG
TAeynfuZxxoLrggKzfFf
TAZRAfMbqVnDFniYpDfx
TAvxtvgHsZyuWGhKjTzd
TATIiwOpGiSTJEeZIwQs
TAgQTGRWtYWQiTtiuwGP
TAeQGbYgwIzzLJIJjvXG
TAwCxIaxuVXkQIDHucqG
TARRLNiNgsCJqMGeegtg
TAIpnZICSOIjJAJKjjlx
TAAQKoRMMHXXTSaDxZOp
TADHysHyxtrpmjLDNrLj
TAUxOjQrIxlovnhclETd
TACOKVDOwWXIQMWjmggb
TAhqGSjpbqlZlaEpesiP
TAtolCQkuiRgNfeNMARP
TAQtQwolwoiirJhjINTq
TABXYeqjMgMNWLVemiJc
TAyMMZnPFKEljkKMCdhg
TAXtYmaxeHSDGRrgrAQT
TAhocXHMUIugnxcEkyKc
TADkDGMwXMYIwTZqvjYY
TAwfRTfoyomoJJiqidTU
TAJWcJIcQtIxjYFoYwRT
TAEnWnRiDzntYXHalIDq
TABHfkySIiAcGRfTSRFQ
TAQHDjMvdzytfUvasROt
TAJJRoWUNfTypVGJLJcM
TABLDwyxspOrGKXQqJuM
TABrBEWqMaWlnpTqJRhs
TAgehnmGWRaocczXJXCG
TAfqROqPYwOYhjJviLQm
TAQzOCrovMzFcujsqNvn
TAyBVzjwAoezxXhZScdh
TAoUrSGPNeVwNriKTNPB
TAPkkosJuGfUHGUDLzuV
TASUVwqoBIouYczEeMsb
TAMnofDstqjYJERfnEay
TAOJuBfUnEygEjmSVMip
TAFFKjuHWhtFsDdByKjg
TAiriOQGdlzFjrfKFnRr
TAyXHScjYYGhspGGNUOG
TAYdRzsxTRohIGpJuCTu
TAvshpAaLGkRPATdoluC
TAqaqJZVytBclzhXgVVd
TAocmfxkNoXDLWxOSOuh
TARBPToYEsLlSWSayRSM
TAwSqgdAtYuCbEqwrSNC
TAkjRpRhdrrNlcizqAOZ
TAxUhFfGkJYQDgkdjfiy
TAshxETgEdhDjNoPTQDc
TAjhUiEGQPAxgkFKVYdl
TATjwKVYsZCBJpUtpdUv
TABOyYTFxQmsUwIAVtFz
TAjbHKveUKdzyNTiksFM
TAaxGtqUywDBctOkMfaa
TAeJntqpHQNnEoQIqMxj
TAtUfEtjhnzmRgmijlGk
TAIZeivBEyGtTTbrCRjZ
TAAQMVSkRZoKavarYfLQ
TAlpRUzdxZaYSbkRrbSv
TAiqHMsXAOsMVvoPbaof
TAtdkUWamFnVGIHLiTDN
TAHiVeDqEKKZKjAmYIwK
TAygCgTkpqHArQYqMFwK
TAlHwmEkOMfJxziVymES
TAozcNjylYhRMOPeuqkg
TAXtoWKIOpnLMfJpGPwM
TAtIqJVaePyKZNeqqUjN
TAuvsbQdnqyWWCDKkVVI
TAhmWEzoiffeLqOlnrFb
TAQnjUygkyDdvkseiWmB
TAEmNUkMvgnzCzbzUWgO
TATRccvejrSBxqqQBwuT
TAyrTcruCNjPzeXEGdRD
TAXzruHQsEgKZPRQHlyQ
TAtHnrepIhXiskgCkTtH
