6
10
10
0
1
3
0
1
76248
77424
76639
5
76248
28995
76639
3301
774
104
69754
18157
76639
8963
75469
23
75858
76639
77031
53002
337
91
684
76639
14756
76639
53655
72392
72392
76248
76248
26
77031
40266
69754
76248
76248
41971
493
75858
76639
77424
7589
53002
44
68270
73538
76639
76639
47617
19559
9644
158
17399
75858
76639
76248
64990
77424
76639
75858
73538
53655
86
77424
52
76639
52033
69754
76639
187
51
64271
73155
47617
25022
76639
40266
40267
69754
47617
15
75858
56984
75858
47926
75858
36
75469
1365
75469
833
58681
2941
191
25023
73155
76639
73538
102
28995
58681
76639
76248
361
76639
64
69010
75858
15957
73924
76639
75469
75469
75469
64630
44316
62497
67169
76248
76248
76248
76248
51711
53983
76248
73155
76639
76639
67169
77031
75858
637
76639
76639
76639
75858
9
1317
69010
76639
768
56984
76639
871
75081
75469
73924
32937
75469
15953
75469
162
27280
53655
608
58681
734
23891
75469
76639
76639
76639
68270
341
2
147
119
81
1901
90
76248
209
76248
75858
75858
54974
64990
76639
300
76639
76248
134
810
495
28282
787
73922
76639
61444
4088
14585
76639
75469
62497
8976
69010
61444
37
33961
72
69010
77424
75858
32662
76639
77031
72392
76639
68270
75858
50
76639
585
77424
75858
76639
75858
76639
4252
8976
67169
13919
18781
58681
76639
138
74309
76639
77424
28519
193
76639
13430
76639
75858
118
75858
1467
4
76639
75469
49175
21563
53983
7952
76639
76639
72392
70503
306
235
324
57661
76639
56647
76639
67169
58681
66803
76248
805
27347
233
145
9508
75858
75469
32917
738
76639
76639
14
23885
211
76639
80
54312
76639
76248
3609
75858
680
69010
75858
48546
75858
18974
66438
61444
76639
93
76248
140
32937
31
75858
69754
18397
18974
764
77424
34221
57322
76248
76248
75469
42
70503
76248
207
11
75469
27296
73155
76639
75858
75469
75469
72392
75469
76639
73155
73922
49172
66
196
55643
76639
72773
777
76248
44917
47926
33961
76639
791
820
77031
1462
76639
1903
205
17776
76639
57322
75858
8576
76639
67169
651
832
76639
61444
77424
76639
76639
76639
32155
243
24800
49173
877
75858
682
75858
76639
236
77424
73922
75469
76639
62851
76248
210
103
76248
47
28
32408
23026
82
69754
66803
108
75858
72392
73922
72392
76639
76248
76639
24111
76639
76639
60400
8977
73924
17031
1466
66438
88
76639
69754
59024
76639
75469
72773
53983
75469
24800
376
75858
1476
58
33961
17781
76639
72773
2358
9373
76639
28995
53983
73538
26361
76639
75858
77424
310
76639
70503
2668
76248
75469
49172
74309
71
17771
1473
76639
73155
28995
76639
38
64990
74309
76639
76639
15959
811
24784
73538
69754
64990
76639
68270
77424
75858
56647
76639
67169
76639
32155
72392
32
76248
76248
62497
53
76639
76639
22186
7469
75858
3593
76639
22186
22
76639
72392
76639
66438
841
76248
18
75469
35
1360
64990
40
73155
72392
69
18779
76248
28046
75081
20151
2949
53983
56311
66438
75469
4272
21977
23027
75858
75858
53328
25
73155
75858
73924
77424
76639
23028
77031
75858
76639
75858
77424
74309
13430
75469
75858
73538
13919
73538
74309
17776
11291
95
76639
228
75469
48548
76248
75858
76248
44320
70128
72011
329
2911
76639
12190
33961
77
68270
45
1458
2844
73924
181
49
74
1472
99
75469
70128
69010
75858
53002
75469
75081
76639
77031
76639
24549
101
53983
53655
76639
70503
20151
75469
251
75858
75469
720
120
75469
73538
70128
76639
33961
76639
8
49489
19
44917
163
57322
75469
75469
28046
2920
75469
55639
76639
75858
75469
75469
76639
1
154
61444
76639
70128
67169
75858
34743
634
89
76639
76248
76639
75469
322
76248
34
14755
69754
53983
76248
33961
76639
7956
76639
77424
75469
75469
75469
76248
75081
62497
75469
77031
21
75469
73155
85
50434
76248
77031
53983
76639
765
76248
2948
54313
76639
76639
75469
130
53983
55306
75469
53002
301
71255
75469
58681
200
70503
24785
75858
76248
77031
72392
47617
48
68270
31155
77424
65712
881
39
1306
68270
32408
75469
105
75858
44320
50752
42851
23884
75858
75858
70503
75858
1895
64990
76639
726
678
72392
75469
75469
70128
12036
358
75858
252
18977
72392
492
51071
53983
40267
53655
72012
76639
76248
61444
53002
819
53328
76639
54312
32662
151
76639
77424
75858
73155
70128
76639
73155
75469
3301
73922
76639
10
76639
75469
60
76248
76248
129
70503
1482
42551
2362
75469
73155
253
41
44618
75469
76639
128
69754
75858
53983
430
31902
76639
66803
72392
167
75469
75469
76639
75469
23893
77031
76639
53002
31155
75858
76248
76639
58681
72012
1359
4247
65712
159
77031
1471
76639
75858
73155
32408
76248
19560
9647
75469
31902
77424
26361
67169
55639
3
242
8969
76248
76639
76248
76248
47617
32154
75469
76639
75858
76639
53983
73155
75469
2008
54313
72392
1451
75469
75858
76639
2961
24
2030
75469
59
32662
76639
12
54643
76248
57322
73922
75858
14583
649
727
309
62
54643
795
56647
75469
278
73155
76248
184
55643
106
68
434
68270
213
76639
1842
124
72773
609
76639
75081
64990
73155
76639
18347
73155
44320
75858
76248
641
76639
17
76639
47617
63
75469
75858
43
126
76248
76639
6
72773
75469
76639
75858
72773
72012
75858
76639
7
201
68270
75858
15963
7954
47617
70503
70503
3934
76639
31155
76639
55643
75469
69754
303
249
4167
75469
331
132
730
150
92
23891
70503
277
76248
68270
76248
32662
354
77424
76639
56647
73538
76248
4353
54
61444
75469
59024
75469
70503
83
335
75469
762
75469
72012
2798
73155
44917
27048
57
66438
75858
75858
76248
53655
76639
76248
68270
16
203
75858
48548
2918
20951
75081
70128
76639
66438
75858
64271
193
76248
76639
72012
68270
76639
2368
20
75858
76248
73922
72012
32937
47617
76639
64271
47617
69754
42559
49173
2034
194
58681
75858
77424
75469
24770
70128
40266
76248
64271
490
76248
27
76639
76639
76639
1139
14734
1699
29
137
1197
176
4402
385
181
65608
1198
84
180
2
67062
355
85
1842
65608
84
2477
3605
5103
486
522
2129
119
29
3248
2490
1206
159
63817
4748
10853
2477
69
2414
2620
1842
2475
10853
645
52
969
78609
365
106
52
514
2288
108
2055
247
29
10905
2995
3463
387
49
696
22900
696
11982
29
492
3913
3002
2477
9749
106
500
11948
5344
23
2445
310
645
13
227
196
385
144
10665
10665
198
4587
6090
132
192
36
10853
139
192
147
4587
196
2477
189
969
10140
763
2971
1819
17
476
19
310
2055
132
3
2186
48481
161
159
3605
10905
191
196
22900
10665
10140
108
47
395
46
11828
33
17
1258
3913
5100
9
1699
139
196
2053
486
486
312
3463
3136
24310
9
137
483
48481
65608
114
22900
35
969
68162
69
114
5227
232
2185
141
247
332
6022
518
22900
196
85
2490
137
3570
68162
645
14734
13438
748
232
27
483
357
339
13438
106
3878
26
514
5075
6112
1206
214
1198
158
1089
33
192
16
78
192
2288
33
137
4152
191
29
1368
2477
3878
696
192
13
3502
191
11696
33
3913
10086
230
1025
4748
422
219
14734
181
68162
5344
3002
2768
230
132
191
1197
80
132
310
31
272
14
114
1149
14335
10140
78
132
120
37
158
2288
2477
22900
767
137
486
923
198
133
84
3463
3305
1197
22900
478
48481
17465
108
5181
22900
5030
63817
1198
139
492
2282
114
13438
923
979
68162
37
4587
10665
114
9
63817
13438
1145
1197
10262
1013
14318
33
22900
49
1025
18256
64888
117
27
607
247
3248
2823
1819
254
54
158
10665
5344
13438
14734
6022
3570
2314
133
198
247
17
33
2075
158
536
422
5181
85
636
52
63817
696
232
2055
1064
14318
995
778
18256
11982
3570
14755
62400
9616
4587
2645
3304
214
2490
3475
312
2093
2075
106
48790
269
2477
3913
2826
63817
392
63817
200
2186
52
117
31
2176
3136
191
495
147
1089
3
9
2314
23
3136
3463
22900
17465
4748
65608
52
2826
49
3911
200
137
5166
3428
2414
1686
923
192
85
232
148
385
2490
4260
11948
85
144
48790
36
13438
2176
514
10262
48790
2477
13438
270
1819
48481
18256
130
5344
3
2490
2093
385
2129
2085
192
22900
5227
422
79
183
33
52
78609
13438
4152
3878
2075
4748
4748
10905
218
3878
200
763
2186
18
3463
518
969
159
3502
136
2282
5344
49
47
1197
272
14734
3305
130
2
392
52
84
70
3248
3913
1699
363
1049
392
514
22900
3248
696
65608
696
2129
2129
13438
5030
3463
10953
269
15
106
247
9616
483
3305
6069
1197
192
1842
84
78609
46
1025
65608
1819
144
24
514
3481
136
14734
6090
486
1139
2680
2079
312
4
492
1048
28
59640
139
160
5030
84
3570
367
923
3305
54
31
22900
214
13438
78
247
147
1699
2186
137
137
270
10086
1197
3913
969
15
645
3248
10853
46
78
27
5030
23
684
514
33
48790
2477
48173
10665
85
65608
52
4587
23
2995
9617
158
159
48790
1699
84
3463
3570
3878
5344
2186
355
5075
196
33
14734
204
22
9616
48481
2414
106
2826
3428
696
192
135
2826
3913
518
492
2445
130
271
48173
13438
2129
492
33
486
221
62400
778
1842
969
158
514
9616
3913
1378
4402
5104
108
923
78
18
68162
726
47
10727
2314
696
4748
22900
675
392
114
85
10725
2768
10853
14734
54
251
136
2186
746
225
5030
387
5227
3596
514
3428
6069
1
2075
35
4703
204
106
310
270
5075
4748
3248
191
3463
4152
36
272
1048
11948
3
2113
247
14734
2113
690
767
2314
230
132
778
22900
159
22900
137
227
221
114
392
726
270
14734
3913
114
13438
2288
5398
158
10665
607
5030
2129
13438
1145
64888
52
192
10905
198
2075
746
536
2075
5344
14734
10508
4748
14734
1368
22
230
137
23
36
132
6069
191
218
1259
17325
492
3570
2186
29
13
68162
22900
4350
78609
534
2802
70
923
3248
2444
422
778
192
159
583
2075
37
6069
3596
514
2995
923
23
4748
9713
63817
117
2
6069
689
30
2444
689
78
183
1139
14318
115
85
22900
70
183
3428
183
1048
486
36
1139
14318
2768
5
22900
1198
132
33
49
2079
78
8
422
4152
422
192
65608
89
392
3463
4701
203
10905
33
2414
23
48790
2314
3913
14734
2075
5344
10725
2129
10882
503
385
2129
48173
995
214
3002
35
48481
8
14318
72
49
3
6069
137
1012
212
132
139
49
147
492
84
405
138
158
14982
2477
979
141
10727
492
36
49
139
1197
47
2184
78609
85
696
500
230
1206
67428
84
136
135
130
2477
271
18256
11982
68162
14318
1149
62400
65608
35
232
3136
204
10853
2075
3913
3605
161
492
32
392
4748
85
486
54
5104
1115
52
59640
405
2314
14734
106
10853
49
2490
392
483
247
2477
17325
3
12
2414
15
645
183
14734
10665
385
4752
114
1699
4260
29
5030
62400
49
14734
2093
158
3136
59640
492
194
3428
2055
14734
137
10725
3002
10953
2
15
65608
1048
225
392
3136
67428
10262
2826
67428
13438
2053
2282
10853
979
191
476
3248
10715
133
13438
6069
3502
534
2314
204
78609
2
514
5344
3004
1049
49
13438
6090
10140
4587
3428
645
1149
2113
51
4402
979
514
23
254
221
5181
158
227
3481
312
3463
17325
422
84
6069
518
70
494
180
68162
106
27
218
10727
5
5
5
5
5
5
5
5
5
5
5
5
5
5
5
5
5
5
5
5
5
5
5
5
3
5
5
5
1
5
5
5
5
5
5
5
5
5
2
5
5
5
5
5
5
5
5
5
5
5
5
5
5
3
5
5
5
5
5
5
5
5
5
5
5
5
5
5
5
5
5
5
5
5
5
5
5
5
5
5
5
5
5
5
5
5
5
5
5
5
5
5
5
5
5
5
5
5
5
5
5
5
5
5
5
5
5
5
5
5
5
5
5
5
5
5
5
5
5
5
5
5
5
5
5
5
5
5
5
5
5
5
5
5
5
5
5
5
5
5
5
5
5
5
5
5
5
5
5
5
5
5
5
5
5
5
5
5
5
5
5
5
5
5
5
5
5
5
5
5
5
5
5
5
5
5
5
5
5
5
5
5
5
5
5
5
5
5
5
5
5
5
5
5
5
5
5
5
5
5
5
5
5
5
5
5
5
5
5
5
5
5
5
5
5
5
5
5
5
5
5
5
5
5
5
5
5
5
5
5
5
5
5
5
5
5
5
5
2
5
5
3
5
5
5
5
5
5
5
5
5
5
5
5
5
5
5
5
5
5
5
5
5
5
5
5
5
5
5
5
5
5
5
5
5
5
5
5
5
5
5
5
5
5
5
1
5
5
5
5
5
5
5
5
5
5
5
4
5
5
5
5
5
5
5
5
5
5
5
5
5
5
5
5
5
5
5
5
5
5
5
5
5
5
5
5
5
5
5
5
5
4
5
5
5
5
5
5
5
5
5
5
5
5
5
5
5
5
5
5
5
5
5
5
2
5
5
5
5
5
5
5
5
2
5
5
5
5
5
5
5
5
5
5
5
5
5
5
5
5
5
5
5
5
5
5
5
5
5
5
5
5
5
5
5
5
5
5
5
5
5
5
5
5
5
5
5
5
5
5
5
5
5
5
5
5
5
5
5
5
5
5
5
5
5
5
5
5
5
5
5
5
5
5
5
5
5
5
5
5
5
5
5
5
5
5
5
5
5
5
5
5
5
2
5
5
5
5
5
5
5
5
5
1
1
5
5
5
5
5
5
5
5
5
5
5
5
5
5
5
5
5
5
5
5
5
5
5
5
5
5
5
5
5
5
5
5
5
5
5
5
5
5
5
5
5
5
5
5
5
5
5
5
5
5
5
5
5
5
5
5
5
5
5
5
5
5
1
5
5
5
5
5
5
5
5
5
5
5
5
5
5
5
5
5
5
5
5
5
5
5
5
5
5
5
5
5
5
5
5
5
5
5
5
5
5
5
5
5
5
5
5
5
5
5
5
5
5
5
5
5
5
5
5
5
5
5
5
5
5
5
5
5
5
5
5
5
5
5
5
5
5
5
4
5
5
5
5
3
5
5
5
5
5
5
5
5
5
5
5
5
5
5
5
5
5
5
5
5
5
5
5
5
5
5
5
5
5
5
5
5
5
5
5
5
5
5
5
5
5
5
5
5
5
5
5
5
5
5
5
5
5
5
5
5
5
5
5
5
5
5
5
5
5
5
5
5
5
5
5
5
5
5
5
5
5
5
5
5
5
3
5
5
5
5
5
5
5
5
5
5
5
5
5
5
5
5
5
5
5
5
5
5
5
5
5
5
5
5
5
5
5
5
5
5
5
5
5
5
5
5
5
5
5
5
5
5
5
5
5
5
5
5
5
5
5
5
5
5
5
5
5
5
5
5
5
5
5
5
5
5
5
5
5
5
5
5
5
5
5
5
5
5
5
5
5
5
5
5
5
5
5
5
5
5
5
5
5
5
5
5
5
5
5
5
5
5
5
5
5
5
5
5
5
5
5
5
5
5
5
5
5
5
5
5
5
5
5
5
5
5
5
5
5
5
5
5
5
5
5
5
5
5
5
5
5
5
5
5
5
5
5
5
5
5
5
5
5
5
5
5
5
5
5
5
5
5
5
5
5
5
5
5
5
5
5
5
5
5
0
5
5
5
5
5
5
5
5
5
5
5
5
5
5
5
5
5
5
5
5
5
5
5
5
5
5
5
5
5
5
5
5
5
5
5
5
5
5
5
5
5
5
5
5
5
5
5
5
5
5
5
5
5
5
5
5
5
5
5
5
5
5
5
5
5
5
4
5
5
5
5
5
5
5
5
5
5
5
5
5
5
5
5
5
5
5
5
5
5
5
5
5
5
5
5
5
5
5
5
5
5
4
5
5
5
5
5
5
5
5
5
5
5
5
5
5
5
5
5
5
5
5
5
5
5
5
5
5
5
5
0
0
0
0
0
0
0
0
0
0
0
0
0
0
0
0
0
0
0
0
0
0
0
0
0
0
0
0
0
0
0
0
0
0
0
0
0
0
0
0
0
0
0
0
0
0
0
0
0
0
0
0
0
0
0
0
0
0
0
0
0
0
0
0
0
0
0
0
0
0
0
0
0
0
0
0
0
0
0
0
0
0
0
0
0
0
0
0
0
0
0
0
0
0
0
0
0
0
0
0
0
0
0
0
0
0
0
0
0
0
0
0
0
0
0
0
0
0
0
0
0
0
0
0
0
0
0
0
0
0
0
0
0
0
0
0
0
0
0
0
0
0
0
0
0
0
0
0
0
0
0
0
0
0
0
0
0
0
0
0
0
0
0
0
0
0
0
0
0
0
0
0
0
0
0
0
0
0
0
0
0
0
0
0
0
0
0
0
0
0
0
0
0
0
0
0
0
0
0
0
0
0
0
0
0
0
0
0
0
0
0
0
0
0
0
0
0
0
0
0
0
0
0
0
0
0
0
0
0
0
0
0
0
0
0
0
0
0
0
0
0
0
0
0
0
0
0
0
0
0
0
0
0
0
0
0
0
0
0
0
0
0
0
0
0
0
0
0
0
0
0
0
0
0
0
0
0
0
0
0
0
0
0
0
0
0
0
0
0
0
0
0
0
0
0
0
0
0
0
0
0
0
0
0
0
0
0
0
0
0
0
0
0
0
0
0
0
0
0
0
0
0
0
0
0
0
0
0
0
0
0
0
0
0
0
0
0
0
0
0
0
0
0
0
0
0
0
0
0
0
0
0
0
0
0
0
0
0
0
0
0
0
0
0
0
0
0
0
0
0
0
0
0
0
0
0
0
0
0
0
0
0
0
0
0
0
0
0
0
0
0
0
0
0
0
0
0
0
0
0
0
0
0
0
0
0
0
0
0
0
0
0
0
0
0
0
0
0
0
0
0
0
0
0
0
0
0
0
0
0
0
0
0
0
0
0
0
0
0
0
0
0
0
0
0
0
0
0
0
0
0
0
0
0
0
0
0
0
0
0
0
0
0
0
0
0
0
0
0
0
0
0
0
0
0
0
0
0
0
0
0
0
0
0
0
0
0
0
0
0
0
0
0
0
0
0
0
0
0
0
0
0
0
0
0
0
0
0
0
0
0
0
0
0
0
0
0
0
0
0
0
0
0
0
0
0
0
0
0
0
0
0
0
0
0
0
0
0
0
0
0
0
0
0
0
0
0
0
0
0
0
0
0
0
0
0
0
0
0
0
0
0
0
0
0
0
0
0
0
0
0
0
0
0
0
0
0
0
0
0
0
0
0
0
0
0
0
0
0
0
0
0
0
0
0
0
0
0
0
0
0
0
0
0
0
0
0
0
0
0
0
0
0
0
0
0
0
0
0
0
0
0
0
0
0
0
0
0
0
0
0
0
0
0
0
0
0
0
0
0
0
0
0
0
0
0
0
0
0
0
0
0
0
0
0
0
0
0
0
0
0
0
0
0
0
0
0
0
0
0
0
0
0
0
0
0
0
0
0
0
0
0
0
0
0
0
0
0
0
0
0
0
0
0
0
0
0
0
0
0
0
0
0
0
0
0
0
0
0
0
0
0
0
0
0
0
0
0
0
0
0
0
0
0
0
0
0
0
0
0
0
0
0
0
0
0
0
0
0
0
0
0
0
0
0
0
0
0
0
0
0
0
0
0
0
0
0
0
0
0
0
0
0
0
0
0
0
0
0
0
0
0
0
0
0
0
0
0
0
0
0
0
0
0
0
0
0
0
0
0
0
0
0
0
0
0
0
0
0
0
0
0
0
0
0
0
0
0
0
0
0
0
0
0
0
0
0
0
0
0
0
0
0
0
0
0
0
0
0
0
0
0
0
0
0
0
0
0
0
0
0
0
0
0
0
0
0
0
0
0
0
0
0
0
0
0
0
0
0
0
0
0
0
0
0
0
0
0
0
0
0
0
0
0
0
0
0
0
0
0
0
0
0
0
0
0
0
0
0
0
0
0
0
0
0
0
0
0
0
0
0
0
0
0
0
0
0
0
0
0
0
0
0
0
0
0
0
0
0
0
0
0
0
0
0
0
0
0
0
0
0
0
0
0
0
0
0
0
0
0
0
0
0
0
0
0
0
0
0
0
0
0
0
0
0
0
0
0
0
0
0
0
0
0
0
0
0
0
0
0
0
0
0
0
0
0
0
0
0
0
0
0
0
0
0
0
0
0
0
0
0
0
0
0
0
0
0
0
0
0
26
28
293
2554
1045
35143
26970
46109
2767
874
3327
350
4556
479
294
859
46106
83
63
26970
1355
53335
17371
60050
15439
11183
31289
11231
4
53335
462
30059
2105
59702
2050
2547
35942
45803
3
246
57649
1539
1258
1257
29
50453
1596
50453
349
63
975
32
7
58330
25
3310
979
11840
1263
56634
43706
11202
2550
47335
56635
26970
19
4554
23586
51725
48882
28850
46106
31539
856
210
27669
35143
238
83
2038
73
27202
60050
45
14759
44604
5
870
53335
27669
35137
40
868
47026
25165
351
51725
12757
11183
1227
46415
46111
46720
1260
35409
244
44597
30
21071
410
2622
56298
121
46415
33296
214
46109
293
57649
47952
60050
59014
41
787
26
30
42
2521
23803
856
538
1466
51725
2611
240
11231
16
40
541
14759
671
21282
62
242
410
27669
139
762
9650
35143
15787
3092
222
97
113
27435
35
24248
19
129
1010
874
49
60048
673
2767
369
9246
870
47
868
790
31289
1260
30060
30059
28
3091
462
23586
860
678
579
11231
11211
2
585
3176
1260
44597
56634
104
3091
31289
44597
369
23365
17
15
47335
409
883
31539
31289
661
23803
664
883
57649
30305
940
44299
102
2260
2616
540
212
23365
1020
56635
2547
51725
46106
53
53662
3085
1227
23803
2261
266
974
96
1299
29
9787
244
57649
466
47
24468
46415
91
21296
9787
23803
28850
28374
397
45803
49508
55630
1008
35942
34348
33296
35942
139
29572
2615
46106
55630
26970
29
46415
38
57649
295
55630
100
457
710
45803
34610
479
47951
4686
35137
25133
3863
944
664
661
56634
11183
1299
21071
22
38
81
47026
46415
21296
57989
14759
5
36211
710
54
45803
35
58330
2638
2521
44299
14703
44002
22
4554
975
787
1046
466
618
2538
1328
212
26
1253
34610
21071
708
937
2611
35143
46106
115
54
53335
214
14759
12600
25614
609
36211
35144
43411
14709
8
979
25389
45803
609
60050
11828
211
43411
3176
33826
34348
249
49508
33296
11379
46415
616
36210
72
57649
60050
110
295
12757
4613
1596
247
34348
36210
2538
34086
21071
23586
9514
57310
23581
1319
51725
247
33296
56635
11
3863
56635
349
46415
2108
100
1046
47333
2708
29815
24689
45803
46415
11826
858
538
1355
617
4551
21077
42
82
28850
38363
110
9650
57649
26970
43706
369
58330
2036
937
35143
466
962
36210
3310
46111
3089
2698
2554
60048
13253
217
35675
26970
45
57989
249
13233
49508
375
1008
27
25389
3869
9246
27669
608
59702
4
2640
57649
1299
120
46415
63
671
43706
57310
46106
114
372
2036
50453
60048
14
25389
1540
53335
240
34873
195
3327
56298
104
28850
112
11379
3
2261
24468
860
45501
15787
29090
51
1046
13073
129
29090
102
1540
583
56298
2616
27202
615
3389
50453
962
53335
21296
684
3327
23581
458
13073
16
1253
27669
44597
217
50453
60050
60048
49
11379
242
44599
44597
23586
112
684
10
33554
48882
788
3025
25135
673
127
59702
25135
3089
58330
2614
44597
35409
23812
874
44597
60050
858
11828
96
878
32
615
788
11828
56972
24689
53662
661
17371
2101
14745
101
43411
46415
1263
5
121
42824
11211
1045
34086
14709
790
25614
95
21
2640
28
3
57649
57649
41
14
856
43706
34086
479
35409
2708
15439
2550
82
36210
27
64
1226
60050
97
583
81
113
1328
46415
56972
710
9242
43117
46415
25133
80
2622
56298
2615
121
2101
579
91
543
15
14759
14745
30305
409
1257
25133
1539
937
712
132
2612
35675
3220
35942
12
457
2612
43411
48
3863
47333
11202
12757
33826
23150
14703
74
212
15787
9242
25614
34347
2260
15
11202
11203
671
4556
940
681
274
2615
35675
56972
56635
239
34610
43117
240
30305
46106
868
27202
60050
4802
238
35144
617
23586
24468
56635
2549
45
43706
57649
195
30060
58330
23581
60048
2549
2532
27669
24468
11840
53335
95
53335
27202
30
13233
23
293
27669
3310
11828
9
4613
46415
219
60048
9
21
2101
481
350
10063
294
56635
2640
73
1020
31539
46
219
36211
46106
21282
29090
21296
60048
219
9650
3389
49508
25389
58
56635
35675
35675
51
40
44299
1539
46415
34610
34610
24248
708
1319
29815
110
1
127
35144
878
974
24468
101
49508
3176
9242
35409
14709
2258
23
47026
50
616
11202
3859
617
3085
3022
11379
99
27669
21071
57989
23812
43411
481
974
58330
27669
36210
53335
2532
3022
57989
543
56635
30060
35137
30060
2612
2837
35675
13254
104
1538
21077
33554
47335
58330
58330
58330
53335
35143
415
34347
25133
43706
58330
9514
482
50453
42823
1
52
1319
38363
44299
2837
56298
59014
621
38363
23365
4551
24248
60050
42824
115
3327
69
60048
59702
1538
2036
46106
60048
2105
3869
57649
50
64
44299
940
34873
859
975
33554
2611
12600
266
214
10
860
6
4613
58330
1355
83
72
6
621
91
609
1466
787
23150
64
46
49508
56635
274
409
44002
684
74
1257
56635
2108
239
48882
23803
481
11202
762
33813
583
210
3328
238
621
1258
250
60048
11187
15787
25165
53335
2837
11
50453
2611
96
59702
375
127
57989
21071
58
58330
2529
44604
2767
2698
80
27669
69
540
57649
15787
2521
97
31289
242
11202
27
3085
56635
11828
48
2
458
222
62
708
46111
372
24468
23
129
60050
30060
3022
1226
1010
28850
413
27435
350
33813
12
33813
13254
35
1263
790
114
21282
38917
56298
246
44604
25133
13254
351
62
57649
50
46720
46720
979
71
21296
34086
53335
579
8
53335
4556
71
25
3091
195
100
106
4686
24468
23586
34873
57989
608
32
16
13073
249
51725
22
44002
45501
47951
4802
53335
56635
69
23150
52
59702
0
0
0
0
0
0
0
0
0
0
0
0
0
0
0
0
0
0
0
0
0
0
0
0
0
0
0
0
0
0
0
0
0
0
0
0
0
0
0
0
0
0
0
0
0
0
0
0
0
0
0
0
0
0
0
0
0
0
0
0
0
0
0
0
0
0
0
0
0
0
0
0
0
0
0
0
0
0
0
0
0
0
0
0
0
0
0
0
0
0
0
0
0
0
0
0
0
0
0
0
0
0
0
0
0
0
0
0
0
0
0
0
0
0
0
0
0
0
0
0
0
0
0
0
0
0
0
0
0
0
0
0
0
0
0
0
0
0
0
0
0
0
0
0
0
0
0
0
0
0
0
0
0
0
0
0
0
0
0
0
0
0
0
0
0
0
0
0
0
0
0
0
0
0
0
0
0
0
0
0
0
0
0
0
0
0
0
0
0
0
0
0
0
0
0
0
0
0
0
0
0
0
0
0
0
0
0
0
0
0
0
0
0
0
0
0
0
0
0
0
0
0
0
0
0
0
0
0
0
0
0
0
0
0
0
0
0
0
0
0
0
0
0
0
0
0
0
0
0
0
0
0
0
0
0
0
0
0
0
0
0
0
0
0
0
0
0
0
0
0
0
0
0
0
0
0
0
0
0
0
0
0
0
0
0
0
0
0
0
0
0
0
0
0
0
0
0
0
0
0
0
0
0
0
0
0
0
0
0
0
0
0
0
0
0
0
0
0
0
0
0
0
0
0
0
0
0
0
0
0
0
0
0
0
0
0
0
0
0
0
0
0
0
0
0
0
0
0
0
0
0
0
0
0
0
0
0
0
0
0
0
0
0
0
0
0
0
0
0
0
0
0
0
0
0
0
0
0
0
0
0
0
0
0
0
0
0
0
0
0
0
0
0
0
0
0
0
0
0
0
0
0
0
0
0
0
0
0
0
0
0
0
0
0
0
0
0
0
0
0
0
0
0
0
0
0
0
0
0
0
0
0
0
0
0
0
0
0
0
0
0
0
0
0
0
0
0
0
0
0
0
0
0
0
0
0
0
0
0
0
0
0
0
0
0
0
0
0
0
0
0
0
0
0
0
0
0
0
0
0
0
0
0
0
0
0
0
0
0
0
0
0
0
0
0
0
0
0
0
0
0
0
0
0
0
0
0
0
0
0
0
0
0
0
0
0
0
0
0
0
0
0
0
0
0
0
0
0
0
0
0
0
0
0
0
0
0
0
0
0
0
0
0
0
0
0
0
0
0
0
0
0
0
0
0
0
0
0
0
0
0
0
0
0
0
0
0
0
0
0
0
0
0
0
0
0
0
0
0
0
0
0
0
0
0
0
0
0
0
0
0
0
0
0
0
0
0
0
0
0
0
0
0
0
0
0
0
0
0
0
0
0
0
0
0
0
0
0
0
0
0
0
0
0
0
0
0
0
0
0
0
0
0
0
0
0
0
0
0
0
0
0
0
0
0
0
0
0
0
0
0
0
0
0
0
0
0
0
0
0
0
0
0
0
0
0
0
0
0
0
0
0
0
0
0
0
0
0
0
0
0
0
0
0
0
0
0
0
0
0
0
0
0
0
0
0
0
0
0
0
0
0
0
0
0
0
0
0
0
0
0
0
0
0
0
0
0
0
0
0
0
0
0
0
0
0
0
0
0
0
0
0
0
0
0
0
0
0
0
0
0
0
0
0
0
0
0
0
0
0
0
0
0
0
0
0
0
0
0
0
0
0
0
0
0
0
0
0
0
0
0
0
0
0
0
0
0
0
0
0
0
0
0
0
0
0
0
0
0
0
0
0
0
0
0
0
0
0
0
0
0
0
0
0
0
0
0
0
0
0
0
0
0
0
0
0
0
0
0
0
0
0
0
0
0
0
0
0
0
0
0
0
0
0
0
0
0
0
0
0
0
0
0
0
0
0
0
0
0
0
0
0
0
0
0
0
0
0
0
0
0
0
0
0
0
0
0
0
0
0
0
0
0
0
0
0
0
0
0
0
0
0
0
0
0
0
0
0
0
0
0
0
0
0
0
0
0
0
0
0
0
0
0
0
0
0
0
0
0
0
0
0
0
0
0
0
0
0
0
0
0
0
0
0
0
0
0
0
0
0
0
0
0
0
0
0
0
0
0
0
0
0
0
0
0
0
0
0
0
0
0
0
0
0
0
0
0
0
0
0
0
0
0
0
0
0
0
0
0
0
0
0
0
0
0
0
0
0
0
0
0
0
0
0
0
0
0
0
0
0
0
0
0
0
0
0
0
0
0
0
0
0
0
64980
18915
1275
75855
58311
79800
2926
23436
9180
15400
69751
990
10296
79800
44551
5050
30628
79800
34980
20100
46971
79800
44850
73920
79800
79800
31125
40186
30135
15225
630
75466
19900
77421
79800
79800
28441
51040
56280
11476
4278
65703
8256
32640
4005
14365
79800
79800
79800
39340
33670
14535
21115
1770
28
30876
79800
31375
91
79800
16110
22366
25651
48516
10440
55
24976
8001
18528
79800
33153
59685
5995
71253
741
19110
46056
74691
14028
79800
72010
29161
61425
67161
10878
3486
12403
24310
79800
79800
378
70500
28680
79800
1176
24531
22155
496
36046
49455
79800
79800
7503
42486
406
4465
19701
1225
17391
79800
59340
39621
29403
1891
79800
7260
70876
15
23653
0
41905
32131
43956
34453
18336
3655
10
63903
105
5671
5886
79800
15931
8515
27495
41041
1081
120
79800
32385
2850
6105
73536
55278
4095
49770
79800
41616
20910
79800
2016
53628
40755
2211
7021
3828
52326
3321
72390
153
42195
465
11935
31626
3003
34191
5778
54946
6555
79800
79800
79800
21945
5460
528
19306
26335
79800
35245
12246
79800
36315
79800
14706
79800
44253
19503
6216
27261
6670
79800
22578
2346
33411
946
79800
54285
45
36585
28203
11026
15051
13695
23005
1326
780
55945
210
53301
79800
820
9045
3916
21528
12561
666
79800
50403
58653
23871
27966
11781
2145
76636
3570
57970
79003
29646
12720
71631
60378
7381
33930
46665
79800
79800
63190
8778
79800
26106
10153
79800
45753
9870
79800
1711
3160
11175
79800
58996
79800
29890
36856
79800
10585
10731
43660
5151
12880
79800
25425
17020
4950
77815
5253
69378
4851
79800
79800
11628
34716
79800
61776
1830
73153
79800
435
50086
35511
903
37128
13366
55611
79800
79800
18145
22791
42778
26796
3081
1596
79800
2556
21321
28920
9730
325
62835
79800
61075
17205
79800
6441
79800
56616
2628
11325
79800
861
79800
1953
79800
79800
36
46360
253
351
79800
14878
79800
52975
15576
4186
79800
66
3240
79800
24090
6328
7875
79800
79800
4656
16653
51360
43071
52650
79800
70125
79800
48828
13041
1540
20301
63546
79800
7626
74305
6903
66066
79800
64261
56953
3403
79800
27730
38226
20706
47895
276
79800
3
26565
13861
79800
43365
5565
60031
45150
4371
68265
79800
1378
79800
79800
79800
9453
37950
39060
79800
54615
4560
79800
7140
8646
79800
231
136
40470
1128
79800
78210
20503
77028
17578
79800
57291
47586
79800
9591
79401
17955
15753
16290
47278
37401
14196
561
25200
32896
27028
67528
13203
57630
79800
52003
38781
3741
5356
79800
30381
1485
21736
49141
45451
38503
31878
50721
24753
16836
79800
8128
35778
79800
6786
66430
48205
7750
17766
72771
60726
1653
13530
171
595
2485
21
25878
79800
69006
79800
1431
9316
53956
79800
23220
78
12090
79800
4753
79800
190
64620
703
37675
300
79800
79800
6
79800
67896
1
2278
62481
79800
2080
2701
79800
51681
2775
75078
62128
65341
41328
78606
79800
10011
8385
39903
18721
2415
79800
68635
76245
8911
79800
16471
79800
1035
66795
600
600
600
71
7
600
472
144
396
75
191
151
600
600
600
600
194
600
600
157
600
600
600
154
600
600
600
49
86
600
596
67
175
600
133
600
600
384
600
600
168
600
600
120
80
600
176
92
46
104
600
4
600
180
115
600
600
600
8
83
166
572
59
169
272
600
28
76
141
25
584
600
2
600
600
452
256
500
600
171
134
121
85
197
600
208
528
600
57
600
1
600
140
84
496
600
195
600
360
232
600
600
146
324
516
51
186
26
600
600
600
600
24
600
600
132
400
138
98
600
19
308
127
600
40
460
62
127
188
316
600
268
600
600
113
300
100
340
544
31
600
276
600
344
252
20
600
512
600
600
116
600
123
149
5
15
600
129
392
600
600
600
600
476
600
600
236
88
600
352
158
53
600
416
159
600
600
103
600
600
27
480
150
102
600
600
456
332
600
600
600
90
524
492
81
101
320
131
600
388
408
38
79
117
12
55
600
600
36
600
74
600
112
204
240
193
600
600
488
152
600
600
600
600
600
600
600
61
600
600
600
600
600
21
69
600
35
600
556
600
428
600
600
220
200
181
600
165
600
600
600
42
109
368
600
600
600
600
173
89
192
600
600
600
16
600
48
87
73
68
189
600
139
508
600
13
600
106
600
600
177
304
163
436
14
600
404
125
148
600
600
9
600
432
600
60
600
184
548
600
179
600
128
600
412
444
600
560
600
45
212
552
145
312
82
108
600
560
29
532
600
600
34
110
280
600
448
162
124
600
600
190
105
122
52
216
126
464
600
328
600
568
600
600
161
118
198
600
600
292
600
147
58
77
600
50
600
600
178
600
484
600
228
96
43
248
600
199
600
47
580
600
288
600
17
504
94
166
600
600
196
244
600
44
592
600
142
600
600
296
600
97
95
182
600
600
78
111
64
600
11
3
30
56
143
160
172
600
54
99
420
600
600
155
600
600
10
600
600
183
600
600
600
93
135
23
114
130
185
440
65
600
600
119
33
264
600
424
260
63
22
70
600
156
536
107
600
600
600
66
600
187
600
576
600
372
600
348
137
540
600
600
600
364
376
600
600
520
284
600
153
588
91
600
600
600
356
380
164
37
136
600
564
600
600
6
600
39
18
468
600
170
600
174
72
167
600
224
41
600
336
600
32
583
523
561
181
192
56
125
16
600
600
440
451
600
600
124
129
465
29
600
600
600
589
600
396
104
369
74
534
534
36
418
393
548
501
10
327
526
415
5
318
594
267
462
228
140
597
600
506
600
600
232
86
600
349
327
291
600
363
600
548
578
399
531
556
410
2
399
600
479
15
14
39
327
377
407
548
600
600
600
242
111
371
399
133
542
320
470
219
418
558
506
490
369
88
55
600
473
382
509
498
250
448
567
369
217
206
94
116
162
122
330
600
388
432
27
512
600
600
600
58
600
307
300
30
286
71
187
287
600
597
330
289
45
600
600
335
517
210
432
548
180
600
401
145
298
600
542
43
465
18
415
115
167
188
528
87
264
600
226
600
509
144
600
341
600
172
304
35
600
333
454
39
600
553
600
388
578
591
235
344
222
352
550
600
51
127
553
85
567
391
600
426
556
338
158
600
531
47
523
586
600
199
600
374
40
253
437
583
147
600
600
600
201
600
64
374
589
600
120
600
600
54
410
399
465
138
352
313
214
280
72
25
600
330
1
314
572
23
600
457
462
600
600
575
600
410
48
600
62
443
567
196
377
113
537
396
501
197
600
545
492
248
600
355
600
534
352
324
506
440
600
600
44
42
479
600
79
30
258
396
600
93
580
503
517
426
100
600
509
561
531
163
151
423
556
83
600
600
487
600
69
443
282
600
11
600
462
67
589
241
49
212
185
305
600
355
600
366
600
8
108
429
600
17
134
404
570
600
379
99
7
443
76
59
171
600
344
293
440
600
412
435
600
369
165
479
388
457
31
600
3
600
600
594
600
363
4
377
600
597
90
95
490
600
294
374
487
194
68
73
476
84
355
468
451
98
556
92
205
0
600
38
32
473
78
82
520
482
360
34
600
600
52
600
495
578
89
262
149
275
65
60
63
600
600
600
600
600
495
53
57
33
404
377
344
109
156
75
66
22
600
385
589
176
46
457
410
20
553
459
575
564
12
382
421
233
251
594
152
514
269
80
446
221
600
523
255
575
457
106
37
338
487
70
600
309
91
13
246
257
484
28
21
600
501
237
24
271
215
183
600
276
600
418
178
501
81
26
490
600
347
6
61
600
77
96
578
490
358
539
432
600
322
9
50
41
266
97
19
415
600
109
600
8646
8646
8646
8646
8646
8646
3550
8646
8646
8646
8646
8646
8646
8646
8646
8646
8646
8646
8646
8646
8646
8646
8646
8646
8646
8646
8646
8646
8646
8646
8646
8646
8646
8646
8646
8646
8646
8646
8646
8646
8646
8646
8646
8646
8646
8646
8646
8646
8646
8646
8646
8646
8646
8646
8646
8646
8646
8646
8646
8646
8646
8646
8646
8646
8646
8646
8646
8646
8646
8646
8646
8646
8646
8646
8646
8646
8646
8646
8646
8646
8646
8646
8646
8646
8646
8646
8646
8646
8646
8646
8646
8646
8646
8646
8646
8646
8646
8646
8646
8646
8646
8646
8646
8646
8646
8646
8646
8646
8646
8646
8646
8646
8646
8646
8646
8646
8646
8646
8646
8646
8646
5359
8646
8646
8646
8646
8646
8646
8646
8646
8646
8646
8646
8646
8646
8646
8646
8646
8646
8646
8646
8646
8646
8646
8646
8646
8646
8646
8646
8646
8646
8646
8646
8646
8646
8646
8646
8646
8646
8646
8646
8646
8646
8646
8646
8646
8646
8646
8646
8646
8646
8646
8646
8646
8646
8646
8646
8646
8646
8646
8646
8646
8002
8646
8646
8646
8646
8646
8646
8646
8646
8646
8646
8646
8646
8646
8646
8646
8646
8646
8646
8646
8646
8646
8646
8646
8646
8646
8646
8646
8646
8646
8646
8646
8646
8646
8646
8646
8646
8646
8646
8646
8646
8646
8646
8646
8646
8646
8646
8646
8646
8646
8646
8646
8646
8646
8646
8646
8646
8646
8646
8646
8646
8646
8646
8646
8646
8646
8646
8646
8646
8646
8646
8646
8646
8646
8646
8646
8646
8646
8646
8646
8646
8646
8646
8646
8646
8646
8646
8646
8646
8646
8646
8646
8646
8646
8646
8646
8646
8646
8646
8646
8646
8646
8646
8646
8646
8646
8646
8646
8646
8646
8646
8646
8646
8646
8646
8646
8646
8646
8646
8646
8646
8646
8646
8646
8646
8646
8646
8646
8646
8646
8646
8646
8646
8646
8646
8646
8646
8646
8646
8646
8646
8646
8646
8646
8646
8646
8646
8646
8646
8646
8646
8646
8646
8646
8646
8646
8646
8646
8646
8646
8646
8646
8646
8646
8646
8646
8646
8646
8646
8646
8646
8646
8646
8646
8646
8646
8646
8646
8646
8646
8646
8646
8646
8646
8646
8646
8646
8646
8646
8646
8646
8646
8646
8646
8646
8646
8646
8646
8646
8646
8646
8646
8646
8646
8646
8646
8646
8646
8646
8646
8646
8646
8646
8646
8646
8646
8646
8646
8646
8646
8646
8646
8646
8646
8646
8646
8646
8646
8646
8646
8646
8646
8646
8646
8646
8646
8646
8646
8646
8646
8646
8646
8646
8646
8646
8646
8646
8646
8646
8646
8646
8646
8646
8646
8646
8646
8646
8646
8646
8646
8646
8646
8646
8646
8646
8646
8646
8646
8646
8646
8646
8646
8646
8646
8646
8646
8646
8646
8646
8646
8646
8646
8646
8646
8646
8646
8646
8646
8646
8646
8646
8646
8646
8646
8646
8646
8646
8646
8646
8646
8646
8646
8646
8646
8646
8646
8646
8646
8646
8646
8646
8646
8646
8646
8646
8646
8646
8515
8646
8646
8646
8646
8646
8646
8646
8646
8646
8646
8646
8646
8646
8646
8646
8646
8646
8646
8646
8646
8646
8646
8646
8646
8646
8646
8646
8646
8646
8646
8646
8646
8646
8646
8646
8646
8646
8646
8646
8646
8646
8646
8646
8646
8646
8646
8646
8646
8646
8646
8646
8646
8646
8646
8646
8646
8646
8646
8646
8646
8646
8646
8646
8646
8646
8646
8646
8646
8646
8646
8646
8646
8646
8646
8646
8646
8646
8646
8646
8646
8646
8646
8646
8646
8646
8646
62128
62128
53311
62128
62128
62128
62128
62128
62128
62128
62128
62128
62128
62128
62128
62128
62128
62128
62128
62128
62128
62128
62128
62128
62128
62128
62128
62128
62128
62128
62128
62128
62128
62128
62128
62128
62128
62128
62128
62128
62128
62128
62128
62128
62128
62128
62128
62128
62128
62128
62128
62128
62128
62128
62128
62128
62128
62128
62128
62128
62128
62128
62128
62128
62128
62128
62128
62128
62128
62128
62128
62128
62128
62128
62128
62128
62128
62128
62128
62128
62128
62128
62128
62128
62128
62128
62128
62128
62128
62128
62128
62128
62128
62128
5059
62128
62128
62128
62128
62128
62128
62128
62128
62128
62128
62128
62128
62128
62128
62128
62128
62128
62128
62128
62128
62128
62128
62128
62128
62128
62128
62128
62128
62128
62128
62128
62128
62128
62128
62128
62128
62128
62128
62128
62128
62128
62128
62128
62128
62128
62128
62128
62128
62128
62128
62128
62128
62128
62128
62128
62128
62128
62128
77
62128
62128
62128
62128
62128
62128
62128
62128
62128
62128
62128
62128
62128
62128
62128
62128
62128
62128
62128
62128
62128
62128
62128
62128
62128
62128
62128
62128
62128
62128
62128
62128
62128
62128
62128
62128
62128
62128
62128
54295
62128
62128
62128
62128
62128
62128
62128
62128
62128
170
62128
62128
62128
62128
62128
62128
62128
62128
62128
62128
62128
62128
62128
62128
62128
49774
62128
62128
62128
62128
62128
62128
62128
62128
62128
62128
62128
62128
62128
62128
62128
62128
62128
62128
34755
62128
62128
62128
62128
62128
62128
62128
62128
62128
62128
62128
62128
62128
62128
62128
62128
399
62128
62128
62128
62128
62128
62128
62128
62128
62128
62128
62128
62128
62128
62128
62128
62128
62128
62128
62128
62128
62128
62128
62128
62128
62128
62128
62128
62128
62128
62128
62128
62128
62128
62128
62128
62128
62128
62128
62128
62128
62128
62128
62128
62128
62128
62128
62128
62128
62128
62128
62128
62128
62128
62128
62128
62128
62128
62128
62128
62128
62128
62128
62128
62128
62128
62128
62128
62128
62128
62128
62128
62128
62128
62128
62128
62128
61425
62128
62128
62128
61425
62128
62128
62128
62128
62128
62128
62128
62128
62128
62128
90
62128
62128
62128
62128
62128
62128
62128
62128
58996
62128
62128
62128
62128
62128
62128
62128
62128
62128
62128
62128
62128
62128
62128
62128
62128
62128
62128
62128
62128
62128
62128
62128
62128
62128
62128
62128
62128
62128
62128
62128
62128
62128
62128
60378
62128
62128
62128
62128
62128
62128
62128
62128
62128
62128
62128
1652
62128
62128
62128
62128
62128
62128
62128
62128
62128
62128
62128
62128
62128
62128
62128
62128
62128
62128
62128
62128
62128
62128
62128
62128
62128
62128
54295
62128
62128
62128
62128
62128
62128
62128
62128
62128
62128
62128
62128
62128
62128
62128
62128
62128
62128
62128
61075
62128
62128
62128
62128
62128
62128
62128
62128
62128
62128
62128
62128
20365
62128
62128
62128
62128
61425
62128
62128
62128
62128
62128
62128
62128
62128
62128
62128
62128
62128
62128
62128
62128
62128
62128
62128
62128
62128
62128
62128
62128
62128
62128
62128
62128
62128
62128
62128
62128
20061
62128
62128
62128
62128
62128
62128
62128
62128
62128
62128
62128
62128
62128
62128
62128
62128
62128
62128
62128
62128
62128
316
62128
62128
62128
62128
62128
62128
62128
62128
62128
62128
62128
62128
62128
62128
62128
62128
62128
62128
62128
62128
62128
62128
62128
62128
62128
62128
62128
62128
62128
62128
62128
62128
62128
62128
62128
62128
62128
62128
62128
62128
62128
62128
62128
62128
62128
62128
62128
62128
62128
62128
62128
62128
62128
62128
62128
62128
33710
62128
62128
62128
62128
62128
1953
1953
1953
1953
1953
1953
1953
1953
1953
1953
1953
1953
1953
1953
1953
1953
1953
1953
1953
1953
1953
1953
1953
1953
1953
1953
1953
1953
1953
1953
1953
1953
1953
1953
1953
1953
1953
1953
1953
1953
1953
1953
1953
1953
1953
1953
1953
1953
1953
1953
1953
1953
1953
1953
1953
1953
1953
1953
1953
1953
1953
1953
1953
1953
1953
1953
1953
1953
1953
1953
1953
1953
1953
1953
1953
1953
1953
1953
1953
1953
1953
1953
1953
1953
1953
1953
1953
1953
1953
1953
1953
1953
1953
1953
1953
1953
1953
1953
1953
1953
1953
1953
1953
1953
1953
1953
1953
1953
1953
1953
1953
1953
1953
1953
1953
1953
1953
1953
1953
1953
1953
1953
1953
1953
1953
1953
1953
1953
1953
1953
1953
1953
1953
1953
1953
1953
1953
1953
1953
1953
1953
1953
1953
1953
1953
1953
1953
1953
1953
1953
1953
1953
1953
1953
1953
1953
1953
1953
1953
1953
1953
1953
1953
1953
1953
1953
1953
1953
1953
1953
1953
1953
1953
1953
1953
1953
1953
1953
1953
1953
1953
1953
1953
1953
1953
1953
1953
1953
1953
1953
1953
1953
1953
1953
1953
1953
1953
1953
1953
1953
1953
1953
1953
1953
1953
1953
1953
1953
1953
1953
1953
1953
1953
1953
1953
1953
1953
1953
1953
1953
1953
1953
1953
1953
1953
1953
1953
1953
1953
1953
1953
1953
1953
1953
1953
1953
1953
1953
1953
1953
1953
1953
1953
1953
1953
1953
1953
1953
1953
1953
1953
1953
1953
1953
1953
1953
1953
1953
1953
1953
1953
1953
1953
1953
1953
1953
1953
1953
1953
1953
1953
1953
1953
1953
1953
1953
1953
1953
1953
1953
1953
1953
1953
1953
1953
1953
1953
1953
1953
1953
1953
1953
1953
1953
1953
1953
1953
1953
1953
1953
1953
1953
1953
1953
1953
1953
1953
1953
1953
1953
1953
1953
1953
1953
1953
1953
1953
1953
1953
1953
1953
1953
1953
1953
1953
1953
1953
1953
1953
1953
1953
1953
1953
1953
1953
1953
1953
1953
1953
1953
1953
1953
1953
1953
1953
1953
1953
1953
1953
1953
1953
1953
1953
1953
1953
1953
1953
1953
1953
1953
1953
1953
1953
1953
1953
1953
1953
1953
1953
1953
1953
606
1953
1953
1953
1953
1953
1953
1953
1953
1953
1953
1953
1953
1953
1953
1953
1953
1953
1953
1953
1953
1953
1953
1953
1953
1953
1953
1953
1953
1953
1953
1953
1953
1953
1953
1953
1953
1953
1953
1953
1953
1953
1953
1953
1953
1953
1953
1953
1953
1953
1953
1953
1953
1953
1953
1953
1953
1953
1953
1953
1953
1953
1953
1953
1953
1953
1953
1953
1953
1953
1953
1953
1953
1953
1953
1953
1953
1953
1953
1953
1953
1953
1953
1953
1953
1953
1953
1953
1953
1953
1953
1953
1953
1953
1953
1953
1953
1953
1953
1953
1953
1953
1953
1953
1953
1953
1953
1953
1953
1953
1953
1953
1953
1953
1953
1953
1953
1953
1953
1953
1953
1953
1953
1953
1953
1953
1953
1953
1953
1953
1953
1953
1953
1953
1953
1953
1953
1953
1953
1953
1953
1953
1953
1953
1953
1953
1953
1953
1953
1953
1953
1953
1953
1953
1953
1953
1953
1953
1953
1953
1953
1953
1953
1953
1953
1953
1953
1953
1953
1953
1953
1953
1953
1953
1953
1953
1953
1953
1953
1953
1953
1953
1953
1953
1953
1953
1953
1953
1953
1953
1953
1953
1953
1953
1953
1953
1953
1953
1953
1953
1953
1953
1953
1953
1953
1953
1953
1953
1953
1953
1953
1953
1953
1953
1953
1953
1953
1953
1953
1953
1953
1953
1953
1953
1953
1953
1953
1953
1953
1953
1953
1953
1953
1953
1953
1953
1953
1953
1953
1953
1953
1953
1953
1953
1953
1953
1953
1953
1953
1953
1953
1953
1953
1953
1953
1953
1953
1953
1953
1953
1953
1953
1953
1953
1953
1953
1953
1953
1953
1953
1953
1953
1953
1953
1953
1953
1953
1953
1953
1953
1953
1953
1953
1953
1953
1953
1953
1953
1953
1953
1953
1953
1953
1953
1953
1953
1770
1953
1953
1953
1953
1953
1953
1953
1953
1953
1953
1953
1953
1953
1953
1953
1953
1953
1953
1953
1953
1953
1953
1953
1953
1953
1953
1953
1953
1953
1953
1953
1953
1953
1953
1953
1953
1953
1953
1953
1953
1953
1953
1953
1953
1953
1953
1953
1953
1953
1953
1953
1953
1953
1953
1953
1953
1953
1953
1953
1953
1953
1953
1953
1953
1953
1953
1953
1953
1953
1953
1953
1953
1953
1953
1953
1953
1953
1953
1953
1953
1953
1953
1953
1953
1953
1953
1953
1953
1953
1953
1953
1953
1953
1953
1953
1953
1953
1953
1953
1953
1953
1953
1953
1953
1953
1953
1953
1953
1953
1953
1953
1953
1953
1953
1953
1953
1953
1953
1953
1953
1953
1953
1953
1953
1953
1953
1953
1953
1953
1953
1953
1953
1953
1953
1953
1953
1953
1953
1953
1953
1953
1953
1953
1953
1953
1953
1953
1953
1953
1953
1953
1953
1953
1953
1953
1953
1953
1953
1953
1953
1953
1953
1953
1953
1953
1953
1953
1953
1953
1953
1953
1953
1953
1953
1953
1953
1953
1953
1953
1953
1953
1953
1953
1953
1953
1953
1953
1953
1953
1953
1953
1953
1953
1953
1953
1953
1953
1953
1953
1953
1953
1953
1953
1953
1953
1953
1953
1953
1953
1953
1953
1953
1953
1953
1953
1953
1953
1953
1953
1953
1953
1953
1953
1953
1953
1953
1953
1953
1953
1953
1953
1953
1953
1953
1953
1953
1953
1953
1953
1953
16
1953
1953
1953
1953
1953
1953
1953
1953
1953
1953
1953
1953
1953
1953
1953
1953
1953
1953
1953
1953
1953
1953
1953
1953
1953
1953
1953
1953
1953
1953
1953
1953
1953
1953
1953
1953
1953
1953
1953
1953
1953
1953
1953
1953
1953
1953
1953
1953
1953
1953
1953
1953
1953
1953
1953
1953
1953
1953
1953
1953
1953
1953
1953
