2
3
5
1
341
1715
125
1165
61
521
3
312
1025
33
990
757
36
1544
346
496
130
99
457
7
1244
188
49
409
852
807
339
681
261
449
303
370
517
569
941
486
140
281
1012
612
1061
484
808
776
1230
2
383
860
414
807
275
173
83
68
96
1090
390
147
319
783
313
16
1615
146
792
878
526
997
785
96
2
356
1351
1
6
334
622
295
680
1318
12
843
4
105
936
723
167
179
509
1329
743
105
472
262
623
445
721
429
341
546
39
113
154
1146
72
223
1797
211
135
388
137
76
68
144
34
501
94
81
611
428
258
1294
347
871
156
1408
930
953
112
182
408
98
941
93
265
535
464
94
1762
526
512
819
377
246
260
37
1064
695
1520
97
515
98
417
1160
423
117
266
347
23
1632
42
293
346
1039
42
678
1035
860
857
1109
535
477
1631
13
158
493
546
243
514
49
1348
1019
535
361
165
1201
967
718
1680
6
449
186
861
891
453
37
486
6
638
212
730
1001
956
1577
39
1172
1048
578
1509
855
1255
137
1156
56
886
19
1223
128
1165
1021
699
326
358
794
130
244
218
950
114
1660
466
332
1567
342
33
1192
271
445
23
373
208
464
717
487
183
1279
1544
208
319
552
815
190
1149
39
1079
578
904
173
555
886
453
560
27
79
360
183
760
354
631
644
961
132
360
448
105
168
89
684
1738
54
1084
1067
420
382
674
207
384
482
1
30
1160
979
482
765
666
367
284
25
166
244
86
517
141
530
1360
899
338
226
405
5
148
985
16
645
416
48
82
1114
293
207
21
819
726
731
994
459
347
1516
955
604
980
199
564
1369
90
777
408
1096
238
104
204
571
395
1331
524
739
901
208
9
521
40
334
480
15
123
13
9
749
9
1228
439
130
338
337
1045
3
1241
67
609
8
256
435
424
1201
467
19
365
243
162
1109
183
743
1368
222
635
384
230
932
1510
1580
629
465
54
336
1836
529
648
1475
373
794
192
250
147
1048
567
45
49
120
569
54
1151
397
834
66
610
163
1432
313
213
986
11
1170
368
56
318
151
403
1288
4
436
313
972
1235
245
887
1044
84
1097
745
413
278
790
25
567
184
1
549
109
175
784
275
732
495
77
54
337
983
481
1033
295
556
768
125
1017
2
1162
24
477
4
154
204
497
1459
419
1379
1362
253
4
19
108
238
506
54
488
1639
1172
965
341
768
40
1160
76
599
227
61
177
1710
690
983
131
952
156
1068
563
118
156
108
379
967
642
257
537
42
186
351
1137
1139
608
563
104
1319
111
1116
256
8
350
263
1526
15
520
64
209
492
6
207
921
1829
1497
1113
1011
1528
20
1337
144
81
1434
433
542
709
79
425
627
1416
178
1371
117
1156
499
26
19
19
35
290
1235
728
4
19
775
14
290
664
1088
169
48
1223
384
52
16
440
58
1066
1707
1177
409
150
92
513
1128
919
270
13
34
240
464
1833
34
787
213
237
651
446
993
452
337
726
723
5
1141
1175
1172
13
665
1529
131
346
62
280
1080
505
21
481
1419
293
47
159
3
121
567
83
135
0
658
204
41
1180
516
136
629
1174
670
23
120
95
467
165
468
594
27
259
1086
838
653
220
1376
529
364
286
75
722
297
346
510
99
139
1607
969
943
857
375
346
421
419
29
23
44
1066
788
339
590
13
1586
235
350
11
62
593
1261
2
242
618
844
443
204
4
1034
479
67
8
142
98
1009
469
331
1021
388
847
549
817
91
177
818
191
925
1012
872
351
1343
758
53
1091
44
46
53
191
390
583
98
117
1391
152
1398
586
12
1540
50
879
1703
1692
15
336
277
458
553
834
1332
83
133
10
688
545
788
82
585
122
138
484
1448
1138
693
73
421
799
714
821
34
62
774
397
625
305
1428
21
175
216
328
543
2
156
442
158
36
166
354
394
682
246
6
84
774
643
287
259
164
915
24
991
59
392
352
1845
1461
1363
524
5
35
139
432
575
822
700
1
485
112
199
40
1098
50
552
87
62
40
139
283
542
68
865
58
15
594
71
914
268
1817
510
651
282
359
1129
1466
31
1422
350
909
381
35
827
13
310
373
1315
874
297
29
251
512
24
997
683
940
35
366
1128
753
776
519
107
317
286
189
1324
618
19
324
1302
1419
211
1206
454
970
1049
1054
219
3
171
156
158
745
627
38
111
1079
1459
399
131
1695
990
639
1050
558
198
239
16
313
414
350
121
183
331
1695
1355
68
238
1543
697
1744
411
65
675
643
277
437
761
288
14
28
677
53
180
659
1411
1559
132
314
339
19
335
13
182
2
215
398
55
185
556
603
333
170
709
1174
170
704
678
315
79
1520
102
371
981
1283
1078
1144
374
93
240
721
185
807
875
284
418
1028
595
23
792
254
381
724
104
1235
28
128
223
487
1210
37
751
473
718
142
640
149
1143
79
1589
996
756
62
1358
128
912
1192
73
174
38
1794
87
273
523
297
174
419
317
735
210
1483
1175
237
691
3
0
618
424
95
280
2
98
379
719
4
601
808
261
1155
83
354
62
1
18
547
1006
244
104
654
30
3
65
429
950
708
801
348
176
232
488
273
1191
111
724
1082
114
674
157
199
164
52
327
112
623
43
1041
137
36
99
216
492
196
384
642
218
118
1020
391
916
144
459
1174
141
1
345
31
1253
1440
21
1162
1922
854
585
436
931
108
1366
366
837
390
53
283
11
1126
1387
401
390
376
458
303
658
492
534
346
1055
1310
951
84
116
535
88
1084
125
65
1011
303
646
761
103
1
441
159
593
1371
1658
46
84
1736
206
139
249
1055
209
270
988
1548
483
295
270
203
415
1799
443
22
808
279
143
1371
760
643
91
0
1162
257
95
199
176
55
430
155
2
213
563
23
159
407
916
1413
73
1698
716
76
605
913
429
302
340
413
833
351
538
91
11
19
536
909
227
601
419
62
200
238
778
11
54
184
112
1606
463
832
698
1121
122
33
669
85
702
1013
948
1418
140
508
317
586
5
157
791
493
945
3
940
1426
276
10
790
1356
59
47
1169
180
641
300
942
429
437
966
42
1196
240
158
1426
139
279
1200
15
315
51
126
183
147
18
449
442
256
130
330
527
692
215
576
850
74
1129
162
410
284
22
150
162
105
980
1598
135
484
1010
1122
516
936
554
70
1263
27
437
40
230
782
1006
592
321
194
412
0
1999
1999
1999
1999
0
922
1999
1999
0
0
1999
0
0
1999
1
1998
1998
1998
1998
1
1998
0
0
1
1
2
0
1998
1998
1
1
1
1
0
1998
0
0
0
0
0
2
1
2
1997
0
1
1997
2000
2
1999
2000
3
0
1
1997
1998
1
2
2
1997
2
0
0
2
0
0
2000
0
0
0
0
1997
0
0
0
0
1997
1997
0
1998
0
1997
4
0
1
1
4
2
0
2
2
1
3
2
0
0
0
4
4
0
2
0
0
0
4
0
0
3
1
2
4
3
2
0
0
1998
1
0
2
1995
3
0
3
0
0
0
1995
2
0
2
1
3
3
1
2
2
1995
3
1
1995
4
2
1994
0
1993
1996
0
1995
1993
0
5
0
0
1
1
1
7
4
6
1828
0
1995
1
3
4
3
739
1
2
1
1994
5
1995
7
1993
7
1
1
1993
0
0
4
1
0
3
0
5
1
1996
1
0
1993
1
1
4
1993
1993
3
0
2
1
4
1997
0
0
0
1
2
8
4
0
0
3
0
2
1998
1995
1997
0
1997
0
0
0
4
0
1993
0
0
0
1996
1993
1992
0
1994
0
1992
1
1992
0
4
1997
0
0
0
0
0
4
1993
1991
0
1992
0
7
1997
0
1
1996
3
1991
0
2
1991
6
0
1
5
2
0
0
1991
0
1991
1993
2
3
6
1
1993
0
2
0
1998
1
1991
0
0
0
1991
2
1
2
1998
1996
0
1991
0
1994
1992
6
0
5
1993
2
0
1995
2
1993
1
0
1
0
1989
1
2
1998
2
1994
1
1995
1
0
1992
1
0
3
0
1
0
1994
0
0
0
2
1
5
9
1
2
1988
0
3
1
4
2
2
1991
1
0
0
10
1
1
1
5
12
2
3
0
13
0
1992
6
0
0
8
0
2
4
1
4
4
1987
0
13
13
7
6
4
5
1
1
1
4
0
9
2
4
1987
1998
1990
1999
6
1991
0
3
3
2
1
2
6
0
1991
9
0
2
5
1999
1
1988
3
0
1991
1
4
1993
1987
0
1985
1
1986
8
2
10
1985
2
1
0
1985
1989
6
2000
2
4
5
2
2
1990
4
1984
1989
7
1984
2
2
2
2000
2
0
2
1984
16
0
1986
9
1986
6
5
1
1
8
1
3
5
4
3
2
1988
5
4
5
3
1993
1993
1989
12
5
2
2
1984
12
2
8
1
2
0
4
0
7
1
3
1
3
1986
3
5
1985
6
1
4
12
7
1990
1
1
6
1990
0
1
5
6
722
4
1995
0
1983
2
10
1994
1
1985
1991
3
9
14
2
1994
7
9
0
6
1
15
5
4
14
1
2
11
1
1994
2
1983
1
1987
0
1984
6
8
1639
3
12
3
8
1
0
12
2000
1982
0
13
16
4
0
0
11
1987
10
1986
12
16
16
13
3
2
1986
2
2
12
4
5
17
16
1988
0
1982
2
0
1983
0
0
0
1
6
1981
7
0
3
1
11
4
7
13
0
3
2000
1
1
7
2
14
1
5
7
0
1984
1984
5
6
15
1992
18
6
16
10
1
7
2
0
5
1994
6
0
3
13
1998
4
1
12
1
0
0
1978
1
17
21
13
14
1
3
20
7
2
1
0
20
1
16
0
3
0
13
1988
12
3
3
2
0
13
0
1
5
6
21
3
1
9
9
6
1
1987
5
1981
13
18
7
5
15
10
1979
3
3
17
2
13
4
6
1990
2
1980
2
1
7
6
1978
8
0
6
0
0
0
9
2
0
7
0
18
1981
13
1110
1
4
6
1984
1
2
1978
8
13
6
2
2
2
1991
2
1988
10
0
1
1
0
2
1977
0
1
1
14
1977
1984
0
7
1
3
6
9
1
1
1996
12
4
4
1989
19
1
3
1
0
1
1981
0
1
1986
1
2
1
0
2
14
7
1987
0
1976
1981
1
1
1975
1974
4
1
1975
1974
0
0
1997
10
0
1973
23
0
3
19
19
1970
1987
1978
1815
0
5
1992
1990
4
1988
22
22
1
2
1
1990
1970
4
8
1976
11
7
1
3
1973
9
4
1
0
2
0
1
1
1
0
1992
13
3
3
18
1971
1
9
1
1
5
1998
2
1972
1970
15
26
1974
14
1974
1971
17
1970
0
1991
0
15
1991
1996
25
13
3
1
1984
1984
1989
1
3
1
1989
1
1987
0
1
1976
0
8
1
3
15
27
2
4
2
3
11
6
1
9
3
2
4
2
1
11
3
0
1976
1968
5
12
5
0
1970
1967
0
26
27
21
8
15
3
1976
1979
1991
1974
4
14
13
1998
1979
0
1
1974
0
10
18
8
0
3
8
1
17
1
1971
23
2
1
1968
4
10
0
0
0
1969
