1
6
2
2
2
2
2
2
2
2
2
2
2
2
2
2
2
2
2
2
2
2
2
2
2
2
2
14
54
3
32
60
64
64
25
8
16
16
12
16
16
12
24
16
12
12
24
16
18
12
16
32
16
12
16
8
12
12
24
12
16
5
24
16
24
16
32
24
16
6
16
12
12
16
12
16
12
12
18
12
12
18
6
16
9
16
16
16
12
12
24
12
8
16
16
12
8
32
24
16
4608
2592
6912
4096
1536
1152
1536
864
6144
3072
3456
1536
1152
1152
3072
576
4608
960
768
4096
3072
1536
2304
2304
3072
2304
3456
3456
6144
3456
6144
1728
2304
6144
1536
3456
2304
6144
6144
6144
2304
6912
1728
17280
2304
2592
1152
3456
6912
768
3072
1152
4096
4608
3072
1536
2592
6912
1536
4608
4608
6912
6912
1728
2304
3072
4608
4608
3456
2304
2304
1944
1728
1728
8192
6912
6912
2304
6144
2880
6912
4096
6144
8192
2592
2304
12288
3072
3072
1080
13824
6144
2304
3072
6144
7776
3072
5184
2304
6144
12288
9216
3072
5184
1152
9216
3072
6912
19200
6912
16384
8640
3072
4608
9216
4608
4608
5184
2304
2304
9216
9216
6912
5184
4608
7776
10368
5184
3456
3072
3456
9216
5760
27648
3456
10240
6144
2592
10368
6912
6912
10368
12288
5184
5760
9216
5184
6144
2048
9216
7680
13824
7680
9216
9216
4608
6480
6912
13824
12288
8640
6144
5760
6144
10368
6912
4608
15552
9216
14400
12288
10368
9216
13824
2880
10368
12288
11520
6912
5760
6912
13824
18432
14400
12960
7200
12288
6912
5760
10368
10240
30720
23040
11520
6912
9216
23040
30720
4320
20736
15360
9216
3456
13824
8640
6912
12288
12288
7680
7776
9216
11520
12288
6480
3456
11520
24576
4608
12288
5760
4608
30720
8640
18432
3840
9600
3600
13440
4608
8640
28800
3600
9216
3072
5184
10368
4608
23040
12288
12960
12800
8640
23040
7200
5376
13824
11520
24576
16128
24192
5100
5544
3312
4752
17280
12480
11520
7776
7776
40320
1911
9216
13200
6912
6656
1152
6300
1248
20160
2380
2800
4480
10752
2880
1728
2160
18000
1760
9000
25344
10500
2400
7920
2288
18432
12960
4032
18144
13440
5040
15680
6804
15840
6048
3456
10800
12096
3744
6174
3360
5760
16384
16128
7680
2288
10080
2160
6048
5670
4608
816
9408
14850
12375
3888
2720
4800
10800
16128
19440
8640
12000
5280
10800
7200
17496
4032
3780
2880
4536
3780
3456
15000
2112
12960
540
3840
17280
6048
3840
10368
2160
7168
8064
2240
1680
798
780
15750
4608
36864
18432
8
16
32
64
128
256
512
1024
2048
4096
8192
16384
32768
9216
