7
149
9999
7
23
6
6
5
87
88
22
23
23
12
9
8
7
7
7
6
7
7
8
14
45
6
9
7
8
11
22
94
7
10
17
61
7
8
11
34
2
2
2
3
2
3
3
3
3
4
2
4
4
4
4
4
5
3
3
4
4
5
5
5
5
5
5
6
9
0
7
8
9
8
8
9
8
8
9
8
8
9
8
8
9
8
8
9
8
8
9
8
8
9
8
9
10
9
9
10
9
9
10
9
9
10
9
9
10
9
9
10
9
9
10
9
9
10
9
9
10
9
10
11
10
10
11
10
10
11
10
10
11
10
10
11
10
10
11
10
10
11
10
10
11
10
10
11
10
10
11
10
11
12
11
11
12
11
11
12
11
11
12
11
11
12
11
11
12
11
11
12
11
11
12
11
11
12
11
11
12
11
11
12
11
12
13
12
12
13
12
12
13
12
12
13
12
12
13
12
12
13
12
12
13
12
12
13
12
12
13
12
12
13
12
12
13
12
12
13
12
13
14
13
13
14
13
13
14
13
13
14
13
13
14
13
13
14
13
13
14
13
13
14
13
13
14
13
13
14
13
13
14
13
13
14
13
13
14
13
14
15
14
14
15
14
14
15
14
14
15
14
14
15
14
14
15
14
14
15
14
14
15
14
14
15
14
14
15
14
14
15
14
14
15
14
14
15
14
14
15
14
15
16
15
15
16
15
15
16
15
15
16
15
15
16
15
15
16
15
15
16
15
15
16
15
15
16
15
15
16
15
15
16
15
15
16
15
15
16
15
15
16
15
15
16
15
16
17
16
16
17
16
16
17
16
16
17
16
16
17
16
16
17
16
16
17
16
16
17
16
16
17
16
16
17
16
16
17
16
16
17
16
16
17
16
16
17
16
16
17
16
16
17
16
17
18
17
17
18
17
17
18
17
17
18
17
17
18
17
17
18
17
17
18
17
17
18
17
17
18
17
17
18
17
17
18
17
17
18
17
17
18
17
17
18
17
17
18
17
17
18
17
17
18
17
18
19
18
18
19
18
18
19
18
18
19
18
18
19
18
18
19
18
18
19
18
18
19
18
18
19
18
18
19
18
18
19
18
18
19
18
18
19
18
18
19
18
18
19
18
18
19
18
18
19
18
18
19
18
19
20
19
19
20
19
19
20
19
19
20
19
19
20
19
19
20
19
19
20
19
19
20
19
19
20
19
19
20
19
19
20
19
19
20
19
19
20
19
19
20
19
19
20
19
19
20
19
19
20
19
19
20
19
19
20
19
20
21
20
20
21
20
20
21
20
20
21
20
20
21
20
20
21
20
20
21
20
20
21
20
20
21
20
20
21
20
20
21
20
20
21
20
20
21
20
20
21
20
20
21
20
20
21
20
20
21
20
19
20
20
20
20
19
20
20
20
19
97
92
920750069
22
867065
26
97
24
179
30
55
23
24933
20
20
373
82
20
20
785
63
19
3893
29845
841730
20
20185
933020
26
22
52
20
788
19
20
359
897098
28
20
19
365
21
31598
25299
20
23435
98
26
20
26
27
21
24
3828
731773
26056
992
816690628
31
374
29
19
26470
514069166
18
787
28016
20
177
821070670
659119444
681641
856
151
30
345
3953
43
753
887
90
20
20
20
344
3044
557427286
251943060
67
21
19
780067
658909
326
147
20
51
20886
629
3457
67
23
26
839
37
20
922480827
20
23
24
86
23
364
24
60
21
45
62
21
26
20
23
349785676
97
29170
181
55
25
19
21
358
322
26
95
20
60
20
21
37
921
68
26
920543116
57
64
19
88
20
2541
21
94
347
3614
77
20
744889
20
23
36
21
25807
17
27
20
20
369
22
19
21
3818
19749
21
892537
2964
36
17080
26
180
41
20
20
19
20
28750
20
21
21
19
20
22
20
549492
562256024
19
36
21
21
20
866648289
20
30
20
87
20
35
20
21
57
48
20
20
24
37
21
347
531262221
26
20
177
137
17978
61
34
19
47
61
332
19
19
20
35
20
17397
3916
325
174
181
998
26207
21
932
26
33
25
812568164
38
262597956
25177
178
3664
169
22
20
37
20
22
20
180
46
30
3777
532
67
46
171
311
20
16827
22
22
20
260558193
21
180
257732
45
3942
20
13438
863
22
20
37
978
24
63
20
358
88
